<?xml version="1.0" encoding="UTF-8"?>
<robot generator="Robot 5.0.1 (Python 3.8.10 on linux)" generated="20220923 15:10:45.064" rpa="false" schemaversion="3">
<suite id="s1" name="Api" source="/home/tan/Desktop/API Token Automation Test/api.robot">
<test id="s1-t1" name="1. Access API Settings Page" line="8">
<kw name="Open Browser" library="SeleniumLibrary">
<arg>https://app.deriv.com/account/api-token</arg>
<arg>chrome</arg>
<doc>Opens a new browser instance to the optional ``url``.</doc>
<msg timestamp="20220923 15:10:45.144" level="INFO">Opening browser 'chrome' to base url 'https://app.deriv.com/account/api-token'.</msg>
<status status="PASS" starttime="20220923 15:10:45.144" endtime="20220923 15:10:48.181"/>
</kw>
<kw name="Maximize Browser Window" library="SeleniumLibrary">
<doc>Maximizes current browser window.</doc>
<status status="PASS" starttime="20220923 15:10:48.182" endtime="20220923 15:10:48.288"/>
</kw>
<kw name="Wait Until Page Contains Element" library="SeleniumLibrary">
<arg>//input[@type='email']</arg>
<arg>10</arg>
<doc>Waits until the element ``locator`` appears on the current page.</doc>
<status status="PASS" starttime="20220923 15:10:48.288" endtime="20220923 15:10:52.307"/>
</kw>
<kw name="Input Text" library="SeleniumLibrary">
<arg>//input[@type='email']</arg>
<arg>tanwei3816@gmail.com</arg>
<doc>Types the given ``text`` into the text field identified by ``locator``.</doc>
<msg timestamp="20220923 15:10:52.307" level="INFO">Typing text 'tanwei3816@gmail.com' into text field '//input[@type='email']'.</msg>
<status status="PASS" starttime="20220923 15:10:52.307" endtime="20220923 15:10:52.369"/>
</kw>
<kw name="Input Text" library="SeleniumLibrary">
<arg>//input[@type='password']</arg>
<arg>e/K3L@y@YMwfnx6</arg>
<doc>Types the given ``text`` into the text field identified by ``locator``.</doc>
<msg timestamp="20220923 15:10:52.370" level="INFO">Typing text 'e/K3L@y@YMwfnx6' into text field '//input[@type='password']'.</msg>
<status status="PASS" starttime="20220923 15:10:52.369" endtime="20220923 15:10:52.424"/>
</kw>
<kw name="Click Element" library="SeleniumLibrary">
<arg>//button[@type='submit']</arg>
<doc>Click the element identified by ``locator``.</doc>
<msg timestamp="20220923 15:10:52.424" level="INFO">Clicking element '//button[@type='submit']'.</msg>
<status status="PASS" starttime="20220923 15:10:52.424" endtime="20220923 15:10:55.516"/>
</kw>
<status status="PASS" starttime="20220923 15:10:45.143" endtime="20220923 15:10:55.517"/>
</test>
<test id="s1-t2" name="TC01: Scope Selection of API Key" line="16">
<kw name="Wait Until Page Contains Element" library="SeleniumLibrary">
<arg>//input[@class='dc-checkbox__input' and @name='read' and @value='false']</arg>
<arg>10</arg>
<doc>Waits until the element ``locator`` appears on the current page.</doc>
<status status="PASS" starttime="20220923 15:10:55.517" endtime="20220923 15:10:55.529"/>
</kw>
<kw name="Wait Until Page Contains Element" library="SeleniumLibrary">
<arg>//input[@class='dc-checkbox__input' and @name='payments' and @value='false']</arg>
<arg>10</arg>
<doc>Waits until the element ``locator`` appears on the current page.</doc>
<status status="PASS" starttime="20220923 15:10:55.529" endtime="20220923 15:10:55.541"/>
</kw>
<kw name="Wait Until Page Contains Element" library="SeleniumLibrary">
<arg>//input[@class='dc-checkbox__input' and @name='admin' and @value='false']</arg>
<arg>10</arg>
<doc>Waits until the element ``locator`` appears on the current page.</doc>
<status status="PASS" starttime="20220923 15:10:55.541" endtime="20220923 15:10:55.556"/>
</kw>
<kw name="Wait Until Page Contains Element" library="SeleniumLibrary">
<arg>//input[@class='dc-checkbox__input' and @name='trade' and @value='false']</arg>
<arg>10</arg>
<doc>Waits until the element ``locator`` appears on the current page.</doc>
<status status="PASS" starttime="20220923 15:10:55.557" endtime="20220923 15:10:55.566"/>
</kw>
<kw name="Wait Until Page Contains Element" library="SeleniumLibrary">
<arg>//input[@class='dc-checkbox__input' and @name='trading_information' and @value='false']</arg>
<arg>10</arg>
<doc>Waits until the element ``locator`` appears on the current page.</doc>
<status status="PASS" starttime="20220923 15:10:55.566" endtime="20220923 15:10:55.576"/>
</kw>
<status status="PASS" starttime="20220923 15:10:55.517" endtime="20220923 15:10:55.576"/>
</test>
<test id="s1-t3" name="TC01.1: Clicking on &quot;Read&quot; Checkbox, and expect that Read checkbox is checked upon click" line="24">
<kw name="Click Element" library="SeleniumLibrary">
<arg>//span[@class='dc-text dc-checkbox__label' and contains(.,"Read")]</arg>
<doc>Click the element identified by ``locator``.</doc>
<msg timestamp="20220923 15:10:55.578" level="INFO">Clicking element '//span[@class='dc-text dc-checkbox__label' and contains(.,"Read")]'.</msg>
<status status="PASS" starttime="20220923 15:10:55.578" endtime="20220923 15:10:55.650"/>
</kw>
<kw name="Wait Until Page Contains Element" library="SeleniumLibrary">
<arg>//input[@class='dc-checkbox__input' and @name='read' and @value='true']</arg>
<arg>10</arg>
<doc>Waits until the element ``locator`` appears on the current page.</doc>
<status status="PASS" starttime="20220923 15:10:55.650" endtime="20220923 15:10:55.685"/>
</kw>
<kw name="Page Should Contain Element" library="SeleniumLibrary">
<arg>//input[@class='dc-checkbox__input' and @name='read' and @value='true']</arg>
<doc>Verifies that element ``locator`` is found on the current page.</doc>
<msg timestamp="20220923 15:10:55.699" level="INFO">Current page contains element '//input[@class='dc-checkbox__input' and @name='read' and @value='true']'.</msg>
<status status="PASS" starttime="20220923 15:10:55.685" endtime="20220923 15:10:55.700"/>
</kw>
<status status="PASS" starttime="20220923 15:10:55.577" endtime="20220923 15:10:55.700"/>
</test>
<test id="s1-t4" name="TC01.2: Clicking on &quot;Payments&quot; Checkbox, and expect that Payments checkbox is checked upon click" line="29">
<kw name="Click Element" library="SeleniumLibrary">
<arg>//span[@class='dc-text dc-checkbox__label' and contains(.,"Payments")]</arg>
<doc>Click the element identified by ``locator``.</doc>
<msg timestamp="20220923 15:10:55.701" level="INFO">Clicking element '//span[@class='dc-text dc-checkbox__label' and contains(.,"Payments")]'.</msg>
<status status="PASS" starttime="20220923 15:10:55.700" endtime="20220923 15:10:55.775"/>
</kw>
<kw name="Wait Until Page Contains Element" library="SeleniumLibrary">
<arg>//input[@class='dc-checkbox__input' and @name='payments' and @value='true']</arg>
<arg>10</arg>
<doc>Waits until the element ``locator`` appears on the current page.</doc>
<status status="PASS" starttime="20220923 15:10:55.776" endtime="20220923 15:10:55.806"/>
</kw>
<kw name="Page Should Contain Element" library="SeleniumLibrary">
<arg>//input[@class='dc-checkbox__input' and @name='payments' and @value='true']</arg>
<doc>Verifies that element ``locator`` is found on the current page.</doc>
<msg timestamp="20220923 15:10:55.822" level="INFO">Current page contains element '//input[@class='dc-checkbox__input' and @name='payments' and @value='true']'.</msg>
<status status="PASS" starttime="20220923 15:10:55.806" endtime="20220923 15:10:55.822"/>
</kw>
<status status="PASS" starttime="20220923 15:10:55.700" endtime="20220923 15:10:55.822"/>
</test>
<test id="s1-t5" name="TC01.3: Clicking on &quot;Admin&quot; Checkbox, and expect that Admin checkbox is checked upon click" line="34">
<kw name="Click Element" library="SeleniumLibrary">
<arg>//span[@class='dc-text dc-checkbox__label' and contains(.,"Admin")]</arg>
<doc>Click the element identified by ``locator``.</doc>
<msg timestamp="20220923 15:10:55.824" level="INFO">Clicking element '//span[@class='dc-text dc-checkbox__label' and contains(.,"Admin")]'.</msg>
<status status="PASS" starttime="20220923 15:10:55.824" endtime="20220923 15:10:55.900"/>
</kw>
<kw name="Wait Until Page Contains Element" library="SeleniumLibrary">
<arg>//input[@class='dc-checkbox__input' and @name='admin' and @value='true']</arg>
<arg>10</arg>
<doc>Waits until the element ``locator`` appears on the current page.</doc>
<status status="PASS" starttime="20220923 15:10:55.901" endtime="20220923 15:10:55.912"/>
</kw>
<kw name="Page Should Contain Element" library="SeleniumLibrary">
<arg>//input[@class='dc-checkbox__input' and @name='admin' and @value='true']</arg>
<doc>Verifies that element ``locator`` is found on the current page.</doc>
<msg timestamp="20220923 15:10:55.921" level="INFO">Current page contains element '//input[@class='dc-checkbox__input' and @name='admin' and @value='true']'.</msg>
<status status="PASS" starttime="20220923 15:10:55.912" endtime="20220923 15:10:55.921"/>
</kw>
<status status="PASS" starttime="20220923 15:10:55.823" endtime="20220923 15:10:55.921"/>
</test>
<test id="s1-t6" name="TC01.4: Clicking on &quot;Trade&quot; Checkbox, and expect that T checkbox is checked Trade upon click" line="39">
<kw name="Click Element" library="SeleniumLibrary">
<arg>//span[@class='dc-text dc-checkbox__label' and contains(.,"Trade")]</arg>
<doc>Click the element identified by ``locator``.</doc>
<msg timestamp="20220923 15:10:55.923" level="INFO">Clicking element '//span[@class='dc-text dc-checkbox__label' and contains(.,"Trade")]'.</msg>
<status status="PASS" starttime="20220923 15:10:55.922" endtime="20220923 15:10:55.985"/>
</kw>
<kw name="Wait Until Page Contains Element" library="SeleniumLibrary">
<arg>//input[@class='dc-checkbox__input' and @name='trade' and @value='true']</arg>
<arg>10</arg>
<doc>Waits until the element ``locator`` appears on the current page.</doc>
<status status="PASS" starttime="20220923 15:10:55.986" endtime="20220923 15:10:55.996"/>
</kw>
<kw name="Page Should Contain Element" library="SeleniumLibrary">
<arg>//input[@class='dc-checkbox__input' and @name='trade' and @value='true']</arg>
<doc>Verifies that element ``locator`` is found on the current page.</doc>
<msg timestamp="20220923 15:10:56.000" level="INFO">Current page contains element '//input[@class='dc-checkbox__input' and @name='trade' and @value='true']'.</msg>
<status status="PASS" starttime="20220923 15:10:55.996" endtime="20220923 15:10:56.000"/>
</kw>
<status status="PASS" starttime="20220923 15:10:55.922" endtime="20220923 15:10:56.001"/>
</test>
<test id="s1-t7" name="TC01.5: Clicking on &quot;Trading information&quot; Checkbox, and expect that Trading information checkbox is checked upon click" line="44">
<kw name="Click Element" library="SeleniumLibrary">
<arg>//span[@class='dc-text dc-checkbox__label' and contains(.,"Trading information")]</arg>
<doc>Click the element identified by ``locator``.</doc>
<msg timestamp="20220923 15:10:56.002" level="INFO">Clicking element '//span[@class='dc-text dc-checkbox__label' and contains(.,"Trading information")]'.</msg>
<status status="PASS" starttime="20220923 15:10:56.002" endtime="20220923 15:10:56.073"/>
</kw>
<kw name="Wait Until Page Contains Element" library="SeleniumLibrary">
<arg>//input[@class='dc-checkbox__input' and @name='trading_information' and @value='true']</arg>
<arg>10</arg>
<doc>Waits until the element ``locator`` appears on the current page.</doc>
<status status="PASS" starttime="20220923 15:10:56.073" endtime="20220923 15:10:56.097"/>
</kw>
<kw name="Page Should Contain Element" library="SeleniumLibrary">
<arg>//input[@class='dc-checkbox__input' and @name='trading_information' and @value='true']</arg>
<doc>Verifies that element ``locator`` is found on the current page.</doc>
<msg timestamp="20220923 15:10:56.111" level="INFO">Current page contains element '//input[@class='dc-checkbox__input' and @name='trading_information' and @value='true']'.</msg>
<status status="PASS" starttime="20220923 15:10:56.097" endtime="20220923 15:10:56.111"/>
</kw>
<status status="PASS" starttime="20220923 15:10:56.001" endtime="20220923 15:10:56.111"/>
</test>
<test id="s1-t8" name="TC02: Naming and Generating API token" line="49">
<kw name="Wait Until Element Is Visible" library="SeleniumLibrary">
<arg>//input[@name='token_name' and @aria-label='Token name']</arg>
<arg>10</arg>
<doc>Waits until the element ``locator`` is visible.</doc>
<status status="PASS" starttime="20220923 15:10:56.112" endtime="20220923 15:10:56.137"/>
</kw>
<kw name="Wait Until Element Is Visible" library="SeleniumLibrary">
<arg>//button[@class='dc-btn dc-btn__effect dc-btn--primary dc-btn__large dc-btn__button-group da-api-token__button' and @type='submit' and @disabled]</arg>
<arg>10</arg>
<doc>Waits until the element ``locator`` is visible.</doc>
<status status="PASS" starttime="20220923 15:10:56.137" endtime="20220923 15:10:56.165"/>
</kw>
<kw name="Page Should Not Contain Element" library="SeleniumLibrary">
<arg>//td[@class='da-api-token__table-cell da-api-token__table-cell--name']</arg>
<doc>Verifies that element ``locator`` is not found on the current page.</doc>
<msg timestamp="20220923 15:10:56.176" level="INFO">Current page does not contain element '//td[@class='da-api-token__table-cell da-api-token__table-cell--name']'.</msg>
<status status="PASS" starttime="20220923 15:10:56.165" endtime="20220923 15:10:56.177"/>
</kw>
<status status="PASS" starttime="20220923 15:10:56.112" endtime="20220923 15:10:56.177"/>
</test>
<test id="s1-t9" name="TC02.1: Input no characters in the “Token name” input field, and expect that user not allowed to create token" line="56">
<kw name="Click Element" library="SeleniumLibrary">
<arg>//input[@name='token_name' and @aria-label='Token name']</arg>
<doc>Click the element identified by ``locator``.</doc>
<msg timestamp="20220923 15:10:56.178" level="INFO">Clicking element '//input[@name='token_name' and @aria-label='Token name']'.</msg>
<status status="PASS" starttime="20220923 15:10:56.178" endtime="20220923 15:10:56.229"/>
</kw>
<kw name="Press Keys" library="SeleniumLibrary">
<arg>None</arg>
<arg>SPACE</arg>
<doc>Simulates the user pressing key(s) to an element or on the active browser.</doc>
<msg timestamp="20220923 15:10:56.229" level="INFO">Sending key(s) ('SPACE',) to page.</msg>
<msg timestamp="20220923 15:10:56.229" level="INFO">Pressing special key SPACE to browser.</msg>
<msg timestamp="20220923 15:10:56.229" level="INFO">Releasing special key SPACE.</msg>
<status status="PASS" starttime="20220923 15:10:56.229" endtime="20220923 15:10:56.254"/>
</kw>
<kw name="Press Keys" library="SeleniumLibrary">
<arg>None</arg>
<arg>CTRL+A</arg>
<doc>Simulates the user pressing key(s) to an element or on the active browser.</doc>
<msg timestamp="20220923 15:10:56.254" level="INFO">Sending key(s) ('CTRL+A',) to page.</msg>
<msg timestamp="20220923 15:10:56.254" level="INFO">Pressing special key CONTROL down.</msg>
<msg timestamp="20220923 15:10:56.255" level="INFO">Sending key A</msg>
<msg timestamp="20220923 15:10:56.255" level="INFO">Releasing special key CONTROL.</msg>
<status status="PASS" starttime="20220923 15:10:56.254" endtime="20220923 15:10:56.259"/>
</kw>
<kw name="Press Keys" library="SeleniumLibrary">
<arg>None</arg>
<arg>BACKSPACE</arg>
<doc>Simulates the user pressing key(s) to an element or on the active browser.</doc>
<msg timestamp="20220923 15:10:56.260" level="INFO">Sending key(s) ('BACKSPACE',) to page.</msg>
<msg timestamp="20220923 15:10:56.260" level="INFO">Pressing special key BACKSPACE to browser.</msg>
<msg timestamp="20220923 15:10:56.260" level="INFO">Releasing special key BACKSPACE.</msg>
<status status="PASS" starttime="20220923 15:10:56.259" endtime="20220923 15:10:56.286"/>
</kw>
<kw name="Wait Until Element Is Visible" library="SeleniumLibrary">
<arg>//button[@class='dc-btn dc-btn__effect dc-btn--primary dc-btn__large dc-btn__button-group da-api-token__button' and @type='submit' and @disabled]</arg>
<arg>10</arg>
<doc>Waits until the element ``locator`` is visible.</doc>
<status status="PASS" starttime="20220923 15:10:56.287" endtime="20220923 15:10:56.306"/>
</kw>
<kw name="Page Should Contain Element" library="SeleniumLibrary">
<arg>//button[@class='dc-btn dc-btn__effect dc-btn--primary dc-btn__large dc-btn__button-group da-api-token__button' and @type='submit' and @disabled]</arg>
<doc>Verifies that element ``locator`` is found on the current page.</doc>
<msg timestamp="20220923 15:10:56.318" level="INFO">Current page contains element '//button[@class='dc-btn dc-btn__effect dc-btn--primary dc-btn__large dc-btn__button-group da-api-token__button' and @type='submit' and @disabled]'.</msg>
<status status="PASS" starttime="20220923 15:10:56.306" endtime="20220923 15:10:56.319"/>
</kw>
<kw name="Wait Until Element Is Visible" library="SeleniumLibrary">
<arg>//div[@class='dc-field dc-field--error' and contains(.,'Please enter a token name.')]</arg>
<arg>10</arg>
<doc>Waits until the element ``locator`` is visible.</doc>
<status status="PASS" starttime="20220923 15:10:56.319" endtime="20220923 15:10:56.370"/>
</kw>
<kw name="Page Should Contain Element" library="SeleniumLibrary">
<arg>//div[@class='dc-field dc-field--error' and contains(.,'Please enter a token name.')]</arg>
<doc>Verifies that element ``locator`` is found on the current page.</doc>
<msg timestamp="20220923 15:10:56.384" level="INFO">Current page contains element '//div[@class='dc-field dc-field--error' and contains(.,'Please enter a token name.')]'.</msg>
<status status="PASS" starttime="20220923 15:10:56.371" endtime="20220923 15:10:56.384"/>
</kw>
<status status="PASS" starttime="20220923 15:10:56.177" endtime="20220923 15:10:56.384"/>
</test>
<test id="s1-t10" name="TC02.2: Input in only 1 Latin character in “Token name” input field, and expect that user not allowed to create token + error message shown" line="66">
<kw name="Click Element" library="SeleniumLibrary">
<arg>//input[@name='token_name' and @aria-label='Token name']</arg>
<doc>Click the element identified by ``locator``.</doc>
<msg timestamp="20220923 15:10:56.385" level="INFO">Clicking element '//input[@name='token_name' and @aria-label='Token name']'.</msg>
<status status="PASS" starttime="20220923 15:10:56.385" endtime="20220923 15:10:56.432"/>
</kw>
<kw name="Press Keys" library="SeleniumLibrary">
<arg>None</arg>
<arg>CTRL+A</arg>
<doc>Simulates the user pressing key(s) to an element or on the active browser.</doc>
<msg timestamp="20220923 15:10:56.433" level="INFO">Sending key(s) ('CTRL+A',) to page.</msg>
<msg timestamp="20220923 15:10:56.433" level="INFO">Pressing special key CONTROL down.</msg>
<msg timestamp="20220923 15:10:56.433" level="INFO">Sending key A</msg>
<msg timestamp="20220923 15:10:56.433" level="INFO">Releasing special key CONTROL.</msg>
<status status="PASS" starttime="20220923 15:10:56.432" endtime="20220923 15:10:56.439"/>
</kw>
<kw name="Press Keys" library="SeleniumLibrary">
<arg>None</arg>
<arg>BACKSPACE</arg>
<doc>Simulates the user pressing key(s) to an element or on the active browser.</doc>
<msg timestamp="20220923 15:10:56.440" level="INFO">Sending key(s) ('BACKSPACE',) to page.</msg>
<msg timestamp="20220923 15:10:56.440" level="INFO">Pressing special key BACKSPACE to browser.</msg>
<msg timestamp="20220923 15:10:56.440" level="INFO">Releasing special key BACKSPACE.</msg>
<status status="PASS" starttime="20220923 15:10:56.439" endtime="20220923 15:10:56.454"/>
</kw>
<kw name="Press Keys" library="SeleniumLibrary">
<arg>None</arg>
<arg>a</arg>
<doc>Simulates the user pressing key(s) to an element or on the active browser.</doc>
<msg timestamp="20220923 15:10:56.455" level="INFO">Sending key(s) ('a',) to page.</msg>
<msg timestamp="20220923 15:10:56.455" level="INFO">Sending key a</msg>
<status status="PASS" starttime="20220923 15:10:56.454" endtime="20220923 15:10:56.489"/>
</kw>
<kw name="Wait Until Element Is Visible" library="SeleniumLibrary">
<arg>//button[@class='dc-btn dc-btn__effect dc-btn--primary dc-btn__large dc-btn__button-group da-api-token__button' and @type='submit' and @disabled]</arg>
<arg>10</arg>
<doc>Waits until the element ``locator`` is visible.</doc>
<status status="PASS" starttime="20220923 15:10:56.489" endtime="20220923 15:10:56.512"/>
</kw>
<kw name="Page Should Contain Element" library="SeleniumLibrary">
<arg>//button[@class='dc-btn dc-btn__effect dc-btn--primary dc-btn__large dc-btn__button-group da-api-token__button' and @type='submit' and @disabled]</arg>
<doc>Verifies that element ``locator`` is found on the current page.</doc>
<msg timestamp="20220923 15:10:56.517" level="INFO">Current page contains element '//button[@class='dc-btn dc-btn__effect dc-btn--primary dc-btn__large dc-btn__button-group da-api-token__button' and @type='submit' and @disabled]'.</msg>
<status status="PASS" starttime="20220923 15:10:56.512" endtime="20220923 15:10:56.517"/>
</kw>
<kw name="Wait Until Element Is Visible" library="SeleniumLibrary">
<arg>//div[@class='dc-field dc-field--error' and contains(.,'Length of token name must be between 2 and 32 characters.')]</arg>
<arg>10</arg>
<doc>Waits until the element ``locator`` is visible.</doc>
<status status="PASS" starttime="20220923 15:10:56.517" endtime="20220923 15:10:56.542"/>
</kw>
<kw name="Page Should Contain Element" library="SeleniumLibrary">
<arg>//div[@class='dc-field dc-field--error' and contains(.,'Length of token name must be between 2 and 32 characters.')]</arg>
<doc>Verifies that element ``locator`` is found on the current page.</doc>
<msg timestamp="20220923 15:10:56.551" level="INFO">Current page contains element '//div[@class='dc-field dc-field--error' and contains(.,'Length of token name must be between 2 and 32 characters.')]'.</msg>
<status status="PASS" starttime="20220923 15:10:56.542" endtime="20220923 15:10:56.551"/>
</kw>
<status status="PASS" starttime="20220923 15:10:56.384" endtime="20220923 15:10:56.551"/>
</test>
<test id="s1-t11" name="TC02.3: Input in 33 Latin characters in “Token name” input field, and expect that user not allowed to create token + error message shown" line="76">
<kw name="Click Element" library="SeleniumLibrary">
<arg>//input[@name='token_name' and @aria-label='Token name']</arg>
<doc>Click the element identified by ``locator``.</doc>
<msg timestamp="20220923 15:10:56.553" level="INFO">Clicking element '//input[@name='token_name' and @aria-label='Token name']'.</msg>
<status status="PASS" starttime="20220923 15:10:56.552" endtime="20220923 15:10:56.580"/>
</kw>
<kw name="Press Keys" library="SeleniumLibrary">
<arg>None</arg>
<arg>CTRL+A</arg>
<doc>Simulates the user pressing key(s) to an element or on the active browser.</doc>
<msg timestamp="20220923 15:10:56.581" level="INFO">Sending key(s) ('CTRL+A',) to page.</msg>
<msg timestamp="20220923 15:10:56.581" level="INFO">Pressing special key CONTROL down.</msg>
<msg timestamp="20220923 15:10:56.581" level="INFO">Sending key A</msg>
<msg timestamp="20220923 15:10:56.581" level="INFO">Releasing special key CONTROL.</msg>
<status status="PASS" starttime="20220923 15:10:56.580" endtime="20220923 15:10:56.587"/>
</kw>
<kw name="Press Keys" library="SeleniumLibrary">
<arg>None</arg>
<arg>BACKSPACE</arg>
<doc>Simulates the user pressing key(s) to an element or on the active browser.</doc>
<msg timestamp="20220923 15:10:56.588" level="INFO">Sending key(s) ('BACKSPACE',) to page.</msg>
<msg timestamp="20220923 15:10:56.588" level="INFO">Pressing special key BACKSPACE to browser.</msg>
<msg timestamp="20220923 15:10:56.588" level="INFO">Releasing special key BACKSPACE.</msg>
<status status="PASS" starttime="20220923 15:10:56.587" endtime="20220923 15:10:56.604"/>
</kw>
<kw name="Press Keys" library="SeleniumLibrary">
<arg>None</arg>
<arg>aaaaaaaaaaaaaaaaaaaaaaaaaaaaaaaaa</arg>
<doc>Simulates the user pressing key(s) to an element or on the active browser.</doc>
<msg timestamp="20220923 15:10:56.605" level="INFO">Sending key(s) ('aaaaaaaaaaaaaaaaaaaaaaaaaaaaaaaaa',) to page.</msg>
<msg timestamp="20220923 15:10:56.605" level="INFO">Sending keys aaaaaaaaaaaaaaaaaaaaaaaaaaaaaaaaa</msg>
<status status="PASS" starttime="20220923 15:10:56.605" endtime="20220923 15:10:56.960"/>
</kw>
<kw name="Wait Until Element Is Visible" library="SeleniumLibrary">
<arg>//button[@class='dc-btn dc-btn__effect dc-btn--primary dc-btn__large dc-btn__button-group da-api-token__button' and @type='submit' and @disabled]</arg>
<arg>10</arg>
<doc>Waits until the element ``locator`` is visible.</doc>
<status status="PASS" starttime="20220923 15:10:56.960" endtime="20220923 15:10:56.979"/>
</kw>
<kw name="Page Should Contain Element" library="SeleniumLibrary">
<arg>//button[@class='dc-btn dc-btn__effect dc-btn--primary dc-btn__large dc-btn__button-group da-api-token__button' and @type='submit' and @disabled]</arg>
<doc>Verifies that element ``locator`` is found on the current page.</doc>
<msg timestamp="20220923 15:10:56.997" level="INFO">Current page contains element '//button[@class='dc-btn dc-btn__effect dc-btn--primary dc-btn__large dc-btn__button-group da-api-token__button' and @type='submit' and @disabled]'.</msg>
<status status="PASS" starttime="20220923 15:10:56.980" endtime="20220923 15:10:56.997"/>
</kw>
<kw name="Wait Until Element Is Visible" library="SeleniumLibrary">
<arg>//div[@class='dc-field dc-field--error' and contains(.,'Maximum 32 characters.')]</arg>
<arg>10</arg>
<doc>Waits until the element ``locator`` is visible.</doc>
<status status="PASS" starttime="20220923 15:10:56.997" endtime="20220923 15:10:57.021"/>
</kw>
<kw name="Page Should Contain Element" library="SeleniumLibrary">
<arg>//div[@class='dc-field dc-field--error' and contains(.,'Maximum 32 characters.')]</arg>
<doc>Verifies that element ``locator`` is found on the current page.</doc>
<msg timestamp="20220923 15:10:57.031" level="INFO">Current page contains element '//div[@class='dc-field dc-field--error' and contains(.,'Maximum 32 characters.')]'.</msg>
<status status="PASS" starttime="20220923 15:10:57.021" endtime="20220923 15:10:57.031"/>
</kw>
<status status="PASS" starttime="20220923 15:10:56.552" endtime="20220923 15:10:57.032"/>
</test>
<test id="s1-t12" name="TC02.4: Input in between 2 to 32 Latin characters in “Token name” input field, and expect that is allowed to create token" line="86">
<kw name="Click Element" library="SeleniumLibrary">
<arg>//input[@name='token_name' and @aria-label='Token name']</arg>
<doc>Click the element identified by ``locator``.</doc>
<msg timestamp="20220923 15:10:57.033" level="INFO">Clicking element '//input[@name='token_name' and @aria-label='Token name']'.</msg>
<status status="PASS" starttime="20220923 15:10:57.033" endtime="20220923 15:10:57.077"/>
</kw>
<kw name="Press Keys" library="SeleniumLibrary">
<arg>None</arg>
<arg>CTRL+A</arg>
<doc>Simulates the user pressing key(s) to an element or on the active browser.</doc>
<msg timestamp="20220923 15:10:57.078" level="INFO">Sending key(s) ('CTRL+A',) to page.</msg>
<msg timestamp="20220923 15:10:57.078" level="INFO">Pressing special key CONTROL down.</msg>
<msg timestamp="20220923 15:10:57.078" level="INFO">Sending key A</msg>
<msg timestamp="20220923 15:10:57.078" level="INFO">Releasing special key CONTROL.</msg>
<status status="PASS" starttime="20220923 15:10:57.077" endtime="20220923 15:10:57.101"/>
</kw>
<kw name="Press Keys" library="SeleniumLibrary">
<arg>None</arg>
<arg>BACKSPACE</arg>
<doc>Simulates the user pressing key(s) to an element or on the active browser.</doc>
<msg timestamp="20220923 15:10:57.101" level="INFO">Sending key(s) ('BACKSPACE',) to page.</msg>
<msg timestamp="20220923 15:10:57.102" level="INFO">Pressing special key BACKSPACE to browser.</msg>
<msg timestamp="20220923 15:10:57.102" level="INFO">Releasing special key BACKSPACE.</msg>
<status status="PASS" starttime="20220923 15:10:57.101" endtime="20220923 15:10:57.123"/>
</kw>
<kw name="Press Keys" library="SeleniumLibrary">
<arg>None</arg>
<arg>abcdefgh</arg>
<doc>Simulates the user pressing key(s) to an element or on the active browser.</doc>
<msg timestamp="20220923 15:10:57.123" level="INFO">Sending key(s) ('abcdefgh',) to page.</msg>
<msg timestamp="20220923 15:10:57.123" level="INFO">Sending keys abcdefgh</msg>
<status status="PASS" starttime="20220923 15:10:57.123" endtime="20220923 15:10:57.290"/>
</kw>
<kw name="Wait Until Page Does Not Contain Element" library="SeleniumLibrary">
<arg>//button[@class='dc-btn dc-btn__effect dc-btn--primary dc-btn__large dc-btn__button-group da-api-token__button' and @type='submit' and @disabled]</arg>
<arg>10</arg>
<doc>Waits until the element ``locator`` disappears from the current page.</doc>
<status status="PASS" starttime="20220923 15:10:57.291" endtime="20220923 15:10:57.299"/>
</kw>
<kw name="Page Should Not Contain Element" library="SeleniumLibrary">
<arg>//button[@class='dc-btn dc-btn__effect dc-btn--primary dc-btn__large dc-btn__button-group da-api-token__button' and @type='submit' and @disabled]</arg>
<doc>Verifies that element ``locator`` is not found on the current page.</doc>
<msg timestamp="20220923 15:10:57.306" level="INFO">Current page does not contain element '//button[@class='dc-btn dc-btn__effect dc-btn--primary dc-btn__large dc-btn__button-group da-api-token__button' and @type='submit' and @disabled]'.</msg>
<status status="PASS" starttime="20220923 15:10:57.299" endtime="20220923 15:10:57.306"/>
</kw>
<kw name="Wait Until Page Does Not Contain Element" library="SeleniumLibrary">
<arg>//div[@class='dc-field dc-field--error']</arg>
<arg>10</arg>
<doc>Waits until the element ``locator`` disappears from the current page.</doc>
<status status="PASS" starttime="20220923 15:10:57.307" endtime="20220923 15:10:57.318"/>
</kw>
<kw name="Page Should Not Contain Element" library="SeleniumLibrary">
<arg>//div[@class='dc-field dc-field--error']</arg>
<doc>Verifies that element ``locator`` is not found on the current page.</doc>
<msg timestamp="20220923 15:10:57.323" level="INFO">Current page does not contain element '//div[@class='dc-field dc-field--error']'.</msg>
<status status="PASS" starttime="20220923 15:10:57.318" endtime="20220923 15:10:57.323"/>
</kw>
<status status="PASS" starttime="20220923 15:10:57.032" endtime="20220923 15:10:57.324"/>
</test>
<test id="s1-t13" name="TC02.5a: When valid token name is inputted, “Create” button should be clickable" line="96">
<kw name="Click Element" library="SeleniumLibrary">
<arg>//button[@class='dc-btn dc-btn__effect dc-btn--primary dc-btn__large dc-btn__button-group da-api-token__button' and @type='submit']</arg>
<doc>Click the element identified by ``locator``.</doc>
<msg timestamp="20220923 15:10:57.325" level="INFO">Clicking element '//button[@class='dc-btn dc-btn__effect dc-btn--primary dc-btn__large dc-btn__button-group da-api-token__button' and @type='submit']'.</msg>
<status status="PASS" starttime="20220923 15:10:57.325" endtime="20220923 15:10:57.382"/>
</kw>
<status status="PASS" starttime="20220923 15:10:57.324" endtime="20220923 15:10:57.382"/>
</test>
<test id="s1-t14" name="TC02.5b: Upon clicking “Create” button, previous inputs are cleared" line="99">
<kw name="Wait Until Page Does Not Contain Element" library="SeleniumLibrary">
<arg>//input[@name='token_name' and @aria-label='Token name' and @value='abcdefgh']</arg>
<arg>10</arg>
<doc>Waits until the element ``locator`` disappears from the current page.</doc>
<status status="PASS" starttime="20220923 15:10:57.383" endtime="20220923 15:10:57.815"/>
</kw>
<kw name="Page Should Not Contain Element" library="SeleniumLibrary">
<arg>//input[@name='token_name' and @aria-label='Token name' and @value='abcdefgh']</arg>
<doc>Verifies that element ``locator`` is not found on the current page.</doc>
<msg timestamp="20220923 15:10:57.823" level="INFO">Current page does not contain element '//input[@name='token_name' and @aria-label='Token name' and @value='abcdefgh']'.</msg>
<status status="PASS" starttime="20220923 15:10:57.815" endtime="20220923 15:10:57.823"/>
</kw>
<kw name="Page Should Not Contain Element" library="SeleniumLibrary">
<arg>//input[@class='dc-checkbox__input' and @name='read' and @value='true']</arg>
<doc>Verifies that element ``locator`` is not found on the current page.</doc>
<msg timestamp="20220923 15:10:57.850" level="INFO">Current page does not contain element '//input[@class='dc-checkbox__input' and @name='read' and @value='true']'.</msg>
<status status="PASS" starttime="20220923 15:10:57.823" endtime="20220923 15:10:57.850"/>
</kw>
<kw name="Page Should Not Contain Element" library="SeleniumLibrary">
<arg>//input[@class='dc-checkbox__input' and @name='payments' and @value='true']</arg>
<doc>Verifies that element ``locator`` is not found on the current page.</doc>
<msg timestamp="20220923 15:10:57.857" level="INFO">Current page does not contain element '//input[@class='dc-checkbox__input' and @name='payments' and @value='true']'.</msg>
<status status="PASS" starttime="20220923 15:10:57.850" endtime="20220923 15:10:57.857"/>
</kw>
<kw name="Page Should Not Contain Element" library="SeleniumLibrary">
<arg>//input[@class='dc-checkbox__input' and @name='admin' and @value='true']</arg>
<doc>Verifies that element ``locator`` is not found on the current page.</doc>
<msg timestamp="20220923 15:10:57.865" level="INFO">Current page does not contain element '//input[@class='dc-checkbox__input' and @name='admin' and @value='true']'.</msg>
<status status="PASS" starttime="20220923 15:10:57.858" endtime="20220923 15:10:57.865"/>
</kw>
<kw name="Page Should Not Contain Element" library="SeleniumLibrary">
<arg>//input[@class='dc-checkbox__input' and @name='trade' and @value='true']</arg>
<doc>Verifies that element ``locator`` is not found on the current page.</doc>
<msg timestamp="20220923 15:10:57.875" level="INFO">Current page does not contain element '//input[@class='dc-checkbox__input' and @name='trade' and @value='true']'.</msg>
<status status="PASS" starttime="20220923 15:10:57.865" endtime="20220923 15:10:57.875"/>
</kw>
<kw name="Page Should Not Contain Element" library="SeleniumLibrary">
<arg>//input[@class='dc-checkbox__input' and @name='trading_information' and @value='true']</arg>
<doc>Verifies that element ``locator`` is not found on the current page.</doc>
<msg timestamp="20220923 15:10:57.880" level="INFO">Current page does not contain element '//input[@class='dc-checkbox__input' and @name='trading_information' and @value='true']'.</msg>
<status status="PASS" starttime="20220923 15:10:57.875" endtime="20220923 15:10:57.880"/>
</kw>
<status status="PASS" starttime="20220923 15:10:57.383" endtime="20220923 15:10:57.880"/>
</test>
<test id="s1-t15" name="TC02.5c: Upon clicking “Create” button, “Create” button is no longer clickable" line="108">
<kw name="Wait Until Page Does Not Contain Element" library="SeleniumLibrary">
<arg>//button[@class='dc-btn dc-btn__effect dc-btn--primary dc-btn__large dc-btn__button-group da-api-token__button' and @type='submit' and @disabled]</arg>
<arg>10</arg>
<doc>Waits until the element ``locator`` disappears from the current page.</doc>
<status status="PASS" starttime="20220923 15:10:57.881" endtime="20220923 15:10:57.889"/>
</kw>
<kw name="Page Should Not Contain Element" library="SeleniumLibrary">
<arg>//button[@class='dc-btn dc-btn__effect dc-btn--primary dc-btn__large dc-btn__button-group da-api-token__button' and @type='submit' and @disabled]</arg>
<doc>Verifies that element ``locator`` is not found on the current page.</doc>
<msg timestamp="20220923 15:10:57.894" level="INFO">Current page does not contain element '//button[@class='dc-btn dc-btn__effect dc-btn--primary dc-btn__large dc-btn__button-group da-api-token__button' and @type='submit' and @disabled]'.</msg>
<status status="PASS" starttime="20220923 15:10:57.889" endtime="20220923 15:10:57.894"/>
</kw>
<status status="PASS" starttime="20220923 15:10:57.881" endtime="20220923 15:10:57.894"/>
</test>
<test id="s1-t16" name="TC02.6: The generated token is shown on screen, under “Copy and paste the token into the app.” section, details of created token should exist" line="112">
<kw name="Wait Until Element Is Visible" library="SeleniumLibrary">
<arg>//td[@class='da-api-token__table-cell da-api-token__table-cell--name']</arg>
<arg>10</arg>
<doc>Waits until the element ``locator`` is visible.</doc>
<status status="PASS" starttime="20220923 15:10:57.895" endtime="20220923 15:10:57.915"/>
</kw>
<kw name="Page Should Contain Element" library="SeleniumLibrary">
<arg>//td[@class='da-api-token__table-cell da-api-token__table-cell--name']</arg>
<doc>Verifies that element ``locator`` is found on the current page.</doc>
<msg timestamp="20220923 15:10:57.920" level="INFO">Current page contains element '//td[@class='da-api-token__table-cell da-api-token__table-cell--name']'.</msg>
<status status="PASS" starttime="20220923 15:10:57.915" endtime="20220923 15:10:57.921"/>
</kw>
<status status="PASS" starttime="20220923 15:10:57.895" endtime="20220923 15:10:57.921"/>
</test>
<test id="s1-t17" name="TC03.1a: The generated token can be copied by user upon clicking of “Copy” icon" line="120">
<kw name="Wait Until Page Contains Element" library="SeleniumLibrary">
<arg>//*[contains(@data-testid, "dt_copy_token_icon")]</arg>
<arg>10</arg>
<doc>Waits until the element ``locator`` appears on the current page.</doc>
<status status="PASS" starttime="20220923 15:10:57.921" endtime="20220923 15:10:57.936"/>
</kw>
<kw name="Click Element" library="SeleniumLibrary">
<arg>//*[contains(@data-testid, "dt_copy_token_icon")]</arg>
<doc>Click the element identified by ``locator``.</doc>
<msg timestamp="20220923 15:10:57.941" level="INFO">Clicking element '//*[contains(@data-testid, "dt_copy_token_icon")]'.</msg>
<status status="PASS" starttime="20220923 15:10:57.937" endtime="20220923 15:10:58.012"/>
</kw>
<kw name="Wait Until Element Is Visible" library="SeleniumLibrary">
<arg>//div[@class='dc-modal-body']</arg>
<arg>10</arg>
<doc>Waits until the element ``locator`` is visible.</doc>
<status status="PASS" starttime="20220923 15:10:58.012" endtime="20220923 15:10:58.494"/>
</kw>
<kw name="Page Should Contain Element" library="SeleniumLibrary">
<arg>//div[@class='dc-modal-body']</arg>
<doc>Verifies that element ``locator`` is found on the current page.</doc>
<msg timestamp="20220923 15:10:58.504" level="INFO">Current page contains element '//div[@class='dc-modal-body']'.</msg>
<status status="PASS" starttime="20220923 15:10:58.494" endtime="20220923 15:10:58.504"/>
</kw>
<kw name="Wait Until Element Is Visible" library="SeleniumLibrary">
<arg>//button[@class='dc-btn dc-btn__effect dc-btn--primary dc-btn__large dc-dialog__button']</arg>
<arg>10</arg>
<doc>Waits until the element ``locator`` is visible.</doc>
<status status="PASS" starttime="20220923 15:10:58.505" endtime="20220923 15:10:58.523"/>
</kw>
<kw name="Click Element" library="SeleniumLibrary">
<arg>//button[@class='dc-btn dc-btn__effect dc-btn--primary dc-btn__large dc-dialog__button']</arg>
<doc>Click the element identified by ``locator``.</doc>
<msg timestamp="20220923 15:10:58.524" level="INFO">Clicking element '//button[@class='dc-btn dc-btn__effect dc-btn--primary dc-btn__large dc-dialog__button']'.</msg>
<status status="PASS" starttime="20220923 15:10:58.523" endtime="20220923 15:10:58.568"/>
</kw>
<status status="PASS" starttime="20220923 15:10:57.921" endtime="20220923 15:10:58.568"/>
</test>
<test id="s1-t18" name="TC03.2a: The Latin characters details of API key can be visibly seen upon click of “Eye” icon" line="131">
<kw name="Page Should Contain Element" library="SeleniumLibrary">
<arg>//div[@class='da-api-token__pass-dot']</arg>
<doc>Verifies that element ``locator`` is found on the current page.</doc>
<msg timestamp="20220923 15:10:58.587" level="INFO">Current page contains element '//div[@class='da-api-token__pass-dot']'.</msg>
<status status="PASS" starttime="20220923 15:10:58.570" endtime="20220923 15:10:58.587"/>
</kw>
<kw name="Wait Until Page Contains Element" library="SeleniumLibrary">
<arg>//*[contains(@data-testid, "dt_toggle_visibility_icon")]</arg>
<arg>10</arg>
<doc>Waits until the element ``locator`` appears on the current page.</doc>
<status status="PASS" starttime="20220923 15:10:58.588" endtime="20220923 15:10:58.602"/>
</kw>
<kw name="Click Element" library="SeleniumLibrary">
<arg>//*[contains(@data-testid, "dt_toggle_visibility_icon")]</arg>
<doc>Click the element identified by ``locator``.</doc>
<msg timestamp="20220923 15:10:58.603" level="INFO">Clicking element '//*[contains(@data-testid, "dt_toggle_visibility_icon")]'.</msg>
<status status="PASS" starttime="20220923 15:10:58.602" endtime="20220923 15:10:58.865"/>
</kw>
<kw name="Wait Until Page Does Not Contain Element" library="SeleniumLibrary">
<arg>//div[@class='da-api-token__pass-dot']</arg>
<arg>10</arg>
<doc>Waits until the element ``locator`` disappears from the current page.</doc>
<status status="PASS" starttime="20220923 15:10:58.865" endtime="20220923 15:10:58.877"/>
</kw>
<kw name="Page Should Not Contain Element" library="SeleniumLibrary">
<arg>//div[@class='da-api-token__pass-dot']</arg>
<doc>Verifies that element ``locator`` is not found on the current page.</doc>
<msg timestamp="20220923 15:10:58.884" level="INFO">Current page does not contain element '//div[@class='da-api-token__pass-dot']'.</msg>
<status status="PASS" starttime="20220923 15:10:58.877" endtime="20220923 15:10:58.884"/>
</kw>
<status status="PASS" starttime="20220923 15:10:58.569" endtime="20220923 15:10:58.884"/>
</test>
<test id="s1-t19" name="TC03.2b: Upon second click of “Eye” icon, Latin character details of API Key is no longer visible" line="141">
<kw name="Wait Until Page Contains Element" library="SeleniumLibrary">
<arg>//*[contains(@data-testid, "dt_toggle_visibility_icon")]</arg>
<arg>10</arg>
<doc>Waits until the element ``locator`` appears on the current page.</doc>
<status status="PASS" starttime="20220923 15:10:58.885" endtime="20220923 15:10:58.891"/>
</kw>
<kw name="Click Element" library="SeleniumLibrary">
<arg>//*[contains(@data-testid, "dt_toggle_visibility_icon")]</arg>
<doc>Click the element identified by ``locator``.</doc>
<msg timestamp="20220923 15:10:58.892" level="INFO">Clicking element '//*[contains(@data-testid, "dt_toggle_visibility_icon")]'.</msg>
<status status="PASS" starttime="20220923 15:10:58.892" endtime="20220923 15:10:58.919"/>
</kw>
<kw name="Wait Until Page Contains Element" library="SeleniumLibrary">
<arg>//div[@class='da-api-token__pass-dot']</arg>
<arg>10</arg>
<doc>Waits until the element ``locator`` appears on the current page.</doc>
<status status="PASS" starttime="20220923 15:10:58.920" endtime="20220923 15:10:58.929"/>
</kw>
<kw name="Page Should Contain Element" library="SeleniumLibrary">
<arg>//div[@class='da-api-token__pass-dot']</arg>
<doc>Verifies that element ``locator`` is found on the current page.</doc>
<msg timestamp="20220923 15:10:58.941" level="INFO">Current page contains element '//div[@class='da-api-token__pass-dot']'.</msg>
<status status="PASS" starttime="20220923 15:10:58.930" endtime="20220923 15:10:58.941"/>
</kw>
<status status="PASS" starttime="20220923 15:10:58.884" endtime="20220923 15:10:58.942"/>
</test>
<test id="s1-t20" name="TC03.3a: Upon click of “Trash” icon, a confirmation message will be sent to user to confirm delete API key" line="149">
<kw name="Wait Until Element Is Visible" library="SeleniumLibrary">
<arg>//*[@class="dc-icon dc-clipboard da-api-token__delete-icon"]</arg>
<arg>10</arg>
<doc>Waits until the element ``locator`` is visible.</doc>
<status status="PASS" starttime="20220923 15:10:58.943" endtime="20220923 15:10:58.959"/>
</kw>
<kw name="Click Element" library="SeleniumLibrary">
<arg>//*[@class="dc-icon dc-clipboard da-api-token__delete-icon"]</arg>
<doc>Click the element identified by ``locator``.</doc>
<msg timestamp="20220923 15:10:58.959" level="INFO">Clicking element '//*[@class="dc-icon dc-clipboard da-api-token__delete-icon"]'.</msg>
<status status="PASS" starttime="20220923 15:10:58.959" endtime="20220923 15:10:58.998"/>
</kw>
<kw name="Wait Until Element Is Visible" library="SeleniumLibrary">
<arg>//div[@class='dc-modal-body']</arg>
<arg>10</arg>
<doc>Waits until the element ``locator`` is visible.</doc>
<status status="PASS" starttime="20220923 15:10:58.999" endtime="20220923 15:10:59.479"/>
</kw>
<kw name="Page Should Contain Element" library="SeleniumLibrary">
<arg>//div[@class='dc-modal-body']</arg>
<doc>Verifies that element ``locator`` is found on the current page.</doc>
<msg timestamp="20220923 15:10:59.487" level="INFO">Current page contains element '//div[@class='dc-modal-body']'.</msg>
<status status="PASS" starttime="20220923 15:10:59.479" endtime="20220923 15:10:59.487"/>
</kw>
<status status="PASS" starttime="20220923 15:10:58.942" endtime="20220923 15:10:59.487"/>
</test>
<test id="s1-t21" name="TC03.3b: If user clicks on “Cancel”, the token is not deleted" line="157">
<kw name="Wait Until Element Is Visible" library="SeleniumLibrary">
<arg>//button[@class='dc-btn dc-btn__effect dc-btn--secondary dc-btn__large dc-dialog__button']</arg>
<arg>10</arg>
<doc>Waits until the element ``locator`` is visible.</doc>
<status status="PASS" starttime="20220923 15:10:59.488" endtime="20220923 15:10:59.504"/>
</kw>
<kw name="Click Element" library="SeleniumLibrary">
<arg>//button[@class='dc-btn dc-btn__effect dc-btn--secondary dc-btn__large dc-dialog__button']</arg>
<doc>Click the element identified by ``locator``.</doc>
<msg timestamp="20220923 15:10:59.504" level="INFO">Clicking element '//button[@class='dc-btn dc-btn__effect dc-btn--secondary dc-btn__large dc-dialog__button']'.</msg>
<status status="PASS" starttime="20220923 15:10:59.504" endtime="20220923 15:10:59.541"/>
</kw>
<kw name="Wait Until Element Is Visible" library="SeleniumLibrary">
<arg>//td[@class='da-api-token__table-cell da-api-token__table-cell--name']</arg>
<arg>10</arg>
<doc>Waits until the element ``locator`` is visible.</doc>
<status status="PASS" starttime="20220923 15:10:59.541" endtime="20220923 15:10:59.555"/>
</kw>
<kw name="Page Should Contain Element" library="SeleniumLibrary">
<arg>//td[@class='da-api-token__table-cell da-api-token__table-cell--name']</arg>
<doc>Verifies that element ``locator`` is found on the current page.</doc>
<msg timestamp="20220923 15:10:59.563" level="INFO">Current page contains element '//td[@class='da-api-token__table-cell da-api-token__table-cell--name']'.</msg>
<status status="PASS" starttime="20220923 15:10:59.556" endtime="20220923 15:10:59.563"/>
</kw>
<status status="PASS" starttime="20220923 15:10:59.487" endtime="20220923 15:10:59.563"/>
</test>
<test id="s1-t22" name="TC03.3c: If user clicks on “Yes, please”, token is deleted" line="165">
<kw name="Wait Until Element Is Visible" library="SeleniumLibrary">
<arg>//*[@class="dc-icon dc-clipboard da-api-token__delete-icon"]</arg>
<arg>10</arg>
<doc>Waits until the element ``locator`` is visible.</doc>
<status status="PASS" starttime="20220923 15:10:59.564" endtime="20220923 15:10:59.577"/>
</kw>
<kw name="Click Element" library="SeleniumLibrary">
<arg>//*[@class="dc-icon dc-clipboard da-api-token__delete-icon"]</arg>
<doc>Click the element identified by ``locator``.</doc>
<msg timestamp="20220923 15:10:59.577" level="INFO">Clicking element '//*[@class="dc-icon dc-clipboard da-api-token__delete-icon"]'.</msg>
<status status="PASS" starttime="20220923 15:10:59.577" endtime="20220923 15:10:59.839"/>
</kw>
<kw name="Wait Until Element Is Visible" library="SeleniumLibrary">
<arg>//div[@class='dc-modal-body']</arg>
<arg>10</arg>
<doc>Waits until the element ``locator`` is visible.</doc>
<status status="PASS" starttime="20220923 15:10:59.839" endtime="20220923 15:11:00.339"/>
</kw>
<kw name="Page Should Contain Element" library="SeleniumLibrary">
<arg>//div[@class='dc-modal-body']</arg>
<doc>Verifies that element ``locator`` is found on the current page.</doc>
<msg timestamp="20220923 15:11:00.350" level="INFO">Current page contains element '//div[@class='dc-modal-body']'.</msg>
<status status="PASS" starttime="20220923 15:11:00.339" endtime="20220923 15:11:00.350"/>
</kw>
<kw name="Wait Until Element Is Visible" library="SeleniumLibrary">
<arg>//button[@class='dc-btn dc-btn__effect dc-btn--primary dc-btn__large dc-dialog__button']</arg>
<arg>10</arg>
<doc>Waits until the element ``locator`` is visible.</doc>
<status status="PASS" starttime="20220923 15:11:00.350" endtime="20220923 15:11:00.366"/>
</kw>
<kw name="Click Element" library="SeleniumLibrary">
<arg>//button[@class='dc-btn dc-btn__effect dc-btn--primary dc-btn__large dc-dialog__button']</arg>
<doc>Click the element identified by ``locator``.</doc>
<msg timestamp="20220923 15:11:00.367" level="INFO">Clicking element '//button[@class='dc-btn dc-btn__effect dc-btn--primary dc-btn__large dc-dialog__button']'.</msg>
<status status="PASS" starttime="20220923 15:11:00.366" endtime="20220923 15:11:00.406"/>
</kw>
<kw name="Wait Until Element Is Not Visible" library="SeleniumLibrary">
<arg>//td[@class='da-api-token__table-cell da-api-token__table-cell--name']</arg>
<arg>10</arg>
<doc>Waits until the element ``locator`` is not visible.</doc>
<status status="PASS" starttime="20220923 15:11:00.407" endtime="20220923 15:11:00.860"/>
</kw>
<kw name="Page Should Not Contain Element" library="SeleniumLibrary">
<arg>//td[@class='da-api-token__table-cell da-api-token__table-cell--name']</arg>
<doc>Verifies that element ``locator`` is not found on the current page.</doc>
<msg timestamp="20220923 15:11:00.871" level="INFO">Current page does not contain element '//td[@class='da-api-token__table-cell da-api-token__table-cell--name']'.</msg>
<status status="PASS" starttime="20220923 15:11:00.860" endtime="20220923 15:11:00.871"/>
</kw>
<status status="PASS" starttime="20220923 15:10:59.564" endtime="20220923 15:11:00.872"/>
</test>
<status status="PASS" starttime="20220923 15:10:45.065" endtime="20220923 15:11:00.874"/>
</suite>
<statistics>
<total>
<stat pass="22" fail="0" skip="0">All Tests</stat>
</total>
<tag>
</tag>
<suite>
<stat pass="22" fail="0" skip="0" id="s1" name="Api">Api</stat>
</suite>
</statistics>
<errors>
</errors>
</robot>
