<?xml version="1.0" encoding="UTF-8"?>
<robot generator="Robot 5.0.1 (Python 3.8.10 on linux)" generated="20220924 17:41:21.415" rpa="false" schemaversion="3">
<suite id="s1" name="Api" source="/home/tan/Desktop/Automation Folder/API Token Automation Test/api.robot">
<test id="s1-t1" name="1. Access API Settings Page" line="8">
<kw name="Open Browser" library="SeleniumLibrary">
<arg>https://app.deriv.com/account/api-token</arg>
<arg>chrome</arg>
<doc>Opens a new browser instance to the optional ``url``.</doc>
<msg timestamp="20220924 17:41:21.499" level="INFO">Opening browser 'chrome' to base url 'https://app.deriv.com/account/api-token'.</msg>
<status status="PASS" starttime="20220924 17:41:21.499" endtime="20220924 17:41:27.804"/>
</kw>
<kw name="Maximize Browser Window" library="SeleniumLibrary">
<doc>Maximizes current browser window.</doc>
<status status="PASS" starttime="20220924 17:41:27.805" endtime="20220924 17:41:27.910"/>
</kw>
<kw name="Wait Until Page Contains Element" library="SeleniumLibrary">
<arg>//input[@type='email']</arg>
<arg>10</arg>
<doc>Waits until the element ``locator`` appears on the current page.</doc>
<status status="PASS" starttime="20220924 17:41:27.911" endtime="20220924 17:41:27.929"/>
</kw>
<kw name="Input Text" library="SeleniumLibrary">
<arg>//input[@type='email']</arg>
<arg>xing.wei@besquare.com.my</arg>
<doc>Types the given ``text`` into the text field identified by ``locator``.</doc>
<msg timestamp="20220924 17:41:27.930" level="INFO">Typing text 'xing.wei@besquare.com.my' into text field '//input[@type='email']'.</msg>
<status status="PASS" starttime="20220924 17:41:27.929" endtime="20220924 17:41:28.001"/>
</kw>
<kw name="Input Text" library="SeleniumLibrary">
<arg>//input[@type='password']</arg>
<arg>United_04</arg>
<doc>Types the given ``text`` into the text field identified by ``locator``.</doc>
<msg timestamp="20220924 17:41:28.001" level="INFO">Typing text 'United_04' into text field '//input[@type='password']'.</msg>
<status status="PASS" starttime="20220924 17:41:28.001" endtime="20220924 17:41:28.061"/>
</kw>
<kw name="Click Element" library="SeleniumLibrary">
<arg>//button[@type='submit']</arg>
<doc>Click the element identified by ``locator``.</doc>
<msg timestamp="20220924 17:41:28.061" level="INFO">Clicking element '//button[@type='submit']'.</msg>
<status status="PASS" starttime="20220924 17:41:28.061" endtime="20220924 17:41:29.649"/>
</kw>
<status status="PASS" starttime="20220924 17:41:21.498" endtime="20220924 17:41:29.649"/>
</test>
<test id="s1-t2" name="TC01: Scope Selection of API Key" line="16">
<kw name="Wait Until Page Contains Element" library="SeleniumLibrary">
<arg>//input[@class='dc-checkbox__input' and @name='read' and @value='false']</arg>
<arg>10</arg>
<doc>Waits until the element ``locator`` appears on the current page.</doc>
<status status="PASS" starttime="20220924 17:41:29.650" endtime="20220924 17:41:31.191"/>
</kw>
<kw name="Wait Until Page Contains Element" library="SeleniumLibrary">
<arg>//input[@class='dc-checkbox__input' and @name='payments' and @value='false']</arg>
<arg>10</arg>
<doc>Waits until the element ``locator`` appears on the current page.</doc>
<status status="PASS" starttime="20220924 17:41:31.191" endtime="20220924 17:41:31.209"/>
</kw>
<kw name="Wait Until Page Contains Element" library="SeleniumLibrary">
<arg>//input[@class='dc-checkbox__input' and @name='admin' and @value='false']</arg>
<arg>10</arg>
<doc>Waits until the element ``locator`` appears on the current page.</doc>
<status status="PASS" starttime="20220924 17:41:31.209" endtime="20220924 17:41:31.228"/>
</kw>
<kw name="Wait Until Page Contains Element" library="SeleniumLibrary">
<arg>//input[@class='dc-checkbox__input' and @name='trade' and @value='false']</arg>
<arg>10</arg>
<doc>Waits until the element ``locator`` appears on the current page.</doc>
<status status="PASS" starttime="20220924 17:41:31.228" endtime="20220924 17:41:31.252"/>
</kw>
<kw name="Wait Until Page Contains Element" library="SeleniumLibrary">
<arg>//input[@class='dc-checkbox__input' and @name='trading_information' and @value='false']</arg>
<arg>10</arg>
<doc>Waits until the element ``locator`` appears on the current page.</doc>
<status status="PASS" starttime="20220924 17:41:31.253" endtime="20220924 17:41:31.265"/>
</kw>
<status status="PASS" starttime="20220924 17:41:29.650" endtime="20220924 17:41:31.266"/>
</test>
<test id="s1-t3" name="TC01.1: Clicking on &quot;Read&quot; Checkbox, and expect that Read checkbox is checked upon click" line="24">
<kw name="Click Element" library="SeleniumLibrary">
<arg>//span[@class='dc-text dc-checkbox__label' and contains(.,"Read")]</arg>
<doc>Click the element identified by ``locator``.</doc>
<msg timestamp="20220924 17:41:31.267" level="INFO">Clicking element '//span[@class='dc-text dc-checkbox__label' and contains(.,"Read")]'.</msg>
<status status="PASS" starttime="20220924 17:41:31.267" endtime="20220924 17:41:31.358"/>
</kw>
<kw name="Wait Until Page Contains Element" library="SeleniumLibrary">
<arg>//input[@class='dc-checkbox__input' and @name='read' and @value='true']</arg>
<arg>10</arg>
<doc>Waits until the element ``locator`` appears on the current page.</doc>
<status status="PASS" starttime="20220924 17:41:31.359" endtime="20220924 17:41:31.408"/>
</kw>
<kw name="Page Should Contain Element" library="SeleniumLibrary">
<arg>//input[@class='dc-checkbox__input' and @name='read' and @value='true']</arg>
<doc>Verifies that element ``locator`` is found on the current page.</doc>
<msg timestamp="20220924 17:41:31.429" level="INFO">Current page contains element '//input[@class='dc-checkbox__input' and @name='read' and @value='true']'.</msg>
<status status="PASS" starttime="20220924 17:41:31.409" endtime="20220924 17:41:31.429"/>
</kw>
<status status="PASS" starttime="20220924 17:41:31.267" endtime="20220924 17:41:31.431"/>
</test>
<test id="s1-t4" name="TC01.2: Clicking on &quot;Payments&quot; Checkbox, and expect that Payments checkbox is checked upon click" line="29">
<kw name="Click Element" library="SeleniumLibrary">
<arg>//span[@class='dc-text dc-checkbox__label' and contains(.,"Payments")]</arg>
<doc>Click the element identified by ``locator``.</doc>
<msg timestamp="20220924 17:41:31.435" level="INFO">Clicking element '//span[@class='dc-text dc-checkbox__label' and contains(.,"Payments")]'.</msg>
<status status="PASS" starttime="20220924 17:41:31.435" endtime="20220924 17:41:31.544"/>
</kw>
<kw name="Wait Until Page Contains Element" library="SeleniumLibrary">
<arg>//input[@class='dc-checkbox__input' and @name='payments' and @value='true']</arg>
<arg>10</arg>
<doc>Waits until the element ``locator`` appears on the current page.</doc>
<status status="PASS" starttime="20220924 17:41:31.544" endtime="20220924 17:41:31.572"/>
</kw>
<kw name="Page Should Contain Element" library="SeleniumLibrary">
<arg>//input[@class='dc-checkbox__input' and @name='payments' and @value='true']</arg>
<doc>Verifies that element ``locator`` is found on the current page.</doc>
<msg timestamp="20220924 17:41:31.588" level="INFO">Current page contains element '//input[@class='dc-checkbox__input' and @name='payments' and @value='true']'.</msg>
<status status="PASS" starttime="20220924 17:41:31.572" endtime="20220924 17:41:31.588"/>
</kw>
<status status="PASS" starttime="20220924 17:41:31.434" endtime="20220924 17:41:31.588"/>
</test>
<test id="s1-t5" name="TC01.3: Clicking on &quot;Admin&quot; Checkbox, and expect that Admin checkbox is checked upon click" line="34">
<kw name="Click Element" library="SeleniumLibrary">
<arg>//span[@class='dc-text dc-checkbox__label' and contains(.,"Admin")]</arg>
<doc>Click the element identified by ``locator``.</doc>
<msg timestamp="20220924 17:41:31.591" level="INFO">Clicking element '//span[@class='dc-text dc-checkbox__label' and contains(.,"Admin")]'.</msg>
<status status="PASS" starttime="20220924 17:41:31.590" endtime="20220924 17:41:31.657"/>
</kw>
<kw name="Wait Until Page Contains Element" library="SeleniumLibrary">
<arg>//input[@class='dc-checkbox__input' and @name='admin' and @value='true']</arg>
<arg>10</arg>
<doc>Waits until the element ``locator`` appears on the current page.</doc>
<status status="PASS" starttime="20220924 17:41:31.657" endtime="20220924 17:41:31.668"/>
</kw>
<kw name="Page Should Contain Element" library="SeleniumLibrary">
<arg>//input[@class='dc-checkbox__input' and @name='admin' and @value='true']</arg>
<doc>Verifies that element ``locator`` is found on the current page.</doc>
<msg timestamp="20220924 17:41:31.681" level="INFO">Current page contains element '//input[@class='dc-checkbox__input' and @name='admin' and @value='true']'.</msg>
<status status="PASS" starttime="20220924 17:41:31.668" endtime="20220924 17:41:31.681"/>
</kw>
<status status="PASS" starttime="20220924 17:41:31.589" endtime="20220924 17:41:31.681"/>
</test>
<test id="s1-t6" name="TC01.4: Clicking on &quot;Trade&quot; Checkbox, and expect that T checkbox is checked Trade upon click" line="39">
<kw name="Click Element" library="SeleniumLibrary">
<arg>//span[@class='dc-text dc-checkbox__label' and contains(.,"Trade")]</arg>
<doc>Click the element identified by ``locator``.</doc>
<msg timestamp="20220924 17:41:31.683" level="INFO">Clicking element '//span[@class='dc-text dc-checkbox__label' and contains(.,"Trade")]'.</msg>
<status status="PASS" starttime="20220924 17:41:31.682" endtime="20220924 17:41:31.764"/>
</kw>
<kw name="Wait Until Page Contains Element" library="SeleniumLibrary">
<arg>//input[@class='dc-checkbox__input' and @name='trade' and @value='true']</arg>
<arg>10</arg>
<doc>Waits until the element ``locator`` appears on the current page.</doc>
<status status="PASS" starttime="20220924 17:41:31.764" endtime="20220924 17:41:31.783"/>
</kw>
<kw name="Page Should Contain Element" library="SeleniumLibrary">
<arg>//input[@class='dc-checkbox__input' and @name='trade' and @value='true']</arg>
<doc>Verifies that element ``locator`` is found on the current page.</doc>
<msg timestamp="20220924 17:41:31.795" level="INFO">Current page contains element '//input[@class='dc-checkbox__input' and @name='trade' and @value='true']'.</msg>
<status status="PASS" starttime="20220924 17:41:31.783" endtime="20220924 17:41:31.795"/>
</kw>
<status status="PASS" starttime="20220924 17:41:31.682" endtime="20220924 17:41:31.795"/>
</test>
<test id="s1-t7" name="TC01.5: Clicking on &quot;Trading information&quot; Checkbox, and expect that Trading information checkbox is checked upon click" line="44">
<kw name="Click Element" library="SeleniumLibrary">
<arg>//span[@class='dc-text dc-checkbox__label' and contains(.,"Trading information")]</arg>
<doc>Click the element identified by ``locator``.</doc>
<msg timestamp="20220924 17:41:31.797" level="INFO">Clicking element '//span[@class='dc-text dc-checkbox__label' and contains(.,"Trading information")]'.</msg>
<status status="PASS" starttime="20220924 17:41:31.796" endtime="20220924 17:41:31.864"/>
</kw>
<kw name="Wait Until Page Contains Element" library="SeleniumLibrary">
<arg>//input[@class='dc-checkbox__input' and @name='trading_information' and @value='true']</arg>
<arg>10</arg>
<doc>Waits until the element ``locator`` appears on the current page.</doc>
<status status="PASS" starttime="20220924 17:41:31.864" endtime="20220924 17:41:31.877"/>
</kw>
<kw name="Page Should Contain Element" library="SeleniumLibrary">
<arg>//input[@class='dc-checkbox__input' and @name='trading_information' and @value='true']</arg>
<doc>Verifies that element ``locator`` is found on the current page.</doc>
<msg timestamp="20220924 17:41:31.886" level="INFO">Current page contains element '//input[@class='dc-checkbox__input' and @name='trading_information' and @value='true']'.</msg>
<status status="PASS" starttime="20220924 17:41:31.877" endtime="20220924 17:41:31.886"/>
</kw>
<status status="PASS" starttime="20220924 17:41:31.796" endtime="20220924 17:41:31.886"/>
</test>
<test id="s1-t8" name="TC02: Naming and Generating API token" line="49">
<kw name="Wait Until Element Is Visible" library="SeleniumLibrary">
<arg>//input[@name='token_name' and @aria-label='Token name']</arg>
<arg>10</arg>
<doc>Waits until the element ``locator`` is visible.</doc>
<status status="PASS" starttime="20220924 17:41:31.887" endtime="20220924 17:41:31.954"/>
</kw>
<kw name="Wait Until Element Is Visible" library="SeleniumLibrary">
<arg>//button[@class='dc-btn dc-btn__effect dc-btn--primary dc-btn__large dc-btn__button-group da-api-token__button' and @type='submit' and @disabled]</arg>
<arg>10</arg>
<doc>Waits until the element ``locator`` is visible.</doc>
<status status="PASS" starttime="20220924 17:41:31.955" endtime="20220924 17:41:31.980"/>
</kw>
<kw name="Page Should Not Contain Element" library="SeleniumLibrary">
<arg>//td[@class='da-api-token__table-cell da-api-token__table-cell--name']</arg>
<doc>Verifies that element ``locator`` is not found on the current page.</doc>
<msg timestamp="20220924 17:41:31.996" level="INFO">Current page does not contain element '//td[@class='da-api-token__table-cell da-api-token__table-cell--name']'.</msg>
<status status="PASS" starttime="20220924 17:41:31.980" endtime="20220924 17:41:31.996"/>
</kw>
<status status="PASS" starttime="20220924 17:41:31.887" endtime="20220924 17:41:31.996"/>
</test>
<test id="s1-t9" name="TC02.1: Input no characters in the “Token name” input field, and expect that user not allowed to create token" line="56">
<kw name="Click Element" library="SeleniumLibrary">
<arg>//input[@name='token_name' and @aria-label='Token name']</arg>
<doc>Click the element identified by ``locator``.</doc>
<msg timestamp="20220924 17:41:31.998" level="INFO">Clicking element '//input[@name='token_name' and @aria-label='Token name']'.</msg>
<status status="PASS" starttime="20220924 17:41:31.998" endtime="20220924 17:41:32.103"/>
</kw>
<kw name="Press Keys" library="SeleniumLibrary">
<arg>None</arg>
<arg>SPACE</arg>
<doc>Simulates the user pressing key(s) to an element or on the active browser.</doc>
<msg timestamp="20220924 17:41:32.104" level="INFO">Sending key(s) ('SPACE',) to page.</msg>
<msg timestamp="20220924 17:41:32.104" level="INFO">Pressing special key SPACE to browser.</msg>
<msg timestamp="20220924 17:41:32.104" level="INFO">Releasing special key SPACE.</msg>
<status status="PASS" starttime="20220924 17:41:32.104" endtime="20220924 17:41:32.133"/>
</kw>
<kw name="Press Keys" library="SeleniumLibrary">
<arg>None</arg>
<arg>CTRL+A</arg>
<doc>Simulates the user pressing key(s) to an element or on the active browser.</doc>
<msg timestamp="20220924 17:41:32.134" level="INFO">Sending key(s) ('CTRL+A',) to page.</msg>
<msg timestamp="20220924 17:41:32.134" level="INFO">Pressing special key CONTROL down.</msg>
<msg timestamp="20220924 17:41:32.134" level="INFO">Sending key A</msg>
<msg timestamp="20220924 17:41:32.134" level="INFO">Releasing special key CONTROL.</msg>
<status status="PASS" starttime="20220924 17:41:32.134" endtime="20220924 17:41:32.151"/>
</kw>
<kw name="Press Keys" library="SeleniumLibrary">
<arg>None</arg>
<arg>BACKSPACE</arg>
<doc>Simulates the user pressing key(s) to an element or on the active browser.</doc>
<msg timestamp="20220924 17:41:32.152" level="INFO">Sending key(s) ('BACKSPACE',) to page.</msg>
<msg timestamp="20220924 17:41:32.152" level="INFO">Pressing special key BACKSPACE to browser.</msg>
<msg timestamp="20220924 17:41:32.152" level="INFO">Releasing special key BACKSPACE.</msg>
<status status="PASS" starttime="20220924 17:41:32.151" endtime="20220924 17:41:32.174"/>
</kw>
<kw name="Wait Until Element Is Visible" library="SeleniumLibrary">
<arg>//button[@class='dc-btn dc-btn__effect dc-btn--primary dc-btn__large dc-btn__button-group da-api-token__button' and @type='submit' and @disabled]</arg>
<arg>10</arg>
<doc>Waits until the element ``locator`` is visible.</doc>
<status status="PASS" starttime="20220924 17:41:32.175" endtime="20220924 17:41:32.210"/>
</kw>
<kw name="Page Should Contain Element" library="SeleniumLibrary">
<arg>//button[@class='dc-btn dc-btn__effect dc-btn--primary dc-btn__large dc-btn__button-group da-api-token__button' and @type='submit' and @disabled]</arg>
<doc>Verifies that element ``locator`` is found on the current page.</doc>
<msg timestamp="20220924 17:41:32.241" level="INFO">Current page contains element '//button[@class='dc-btn dc-btn__effect dc-btn--primary dc-btn__large dc-btn__button-group da-api-token__button' and @type='submit' and @disabled]'.</msg>
<status status="PASS" starttime="20220924 17:41:32.211" endtime="20220924 17:41:32.242"/>
</kw>
<kw name="Wait Until Element Is Visible" library="SeleniumLibrary">
<arg>//div[@class='dc-field dc-field--error' and contains(.,'Please enter a token name.')]</arg>
<arg>10</arg>
<doc>Waits until the element ``locator`` is visible.</doc>
<status status="PASS" starttime="20220924 17:41:32.242" endtime="20220924 17:41:32.266"/>
</kw>
<kw name="Page Should Contain Element" library="SeleniumLibrary">
<arg>//div[@class='dc-field dc-field--error' and contains(.,'Please enter a token name.')]</arg>
<doc>Verifies that element ``locator`` is found on the current page.</doc>
<msg timestamp="20220924 17:41:32.284" level="INFO">Current page contains element '//div[@class='dc-field dc-field--error' and contains(.,'Please enter a token name.')]'.</msg>
<status status="PASS" starttime="20220924 17:41:32.267" endtime="20220924 17:41:32.284"/>
</kw>
<status status="PASS" starttime="20220924 17:41:31.997" endtime="20220924 17:41:32.285"/>
</test>
<test id="s1-t10" name="TC02.2: Input in only 1 Latin character in “Token name” input field, and expect that user not allowed to create token + error message shown" line="66">
<kw name="Click Element" library="SeleniumLibrary">
<arg>//input[@name='token_name' and @aria-label='Token name']</arg>
<doc>Click the element identified by ``locator``.</doc>
<msg timestamp="20220924 17:41:32.289" level="INFO">Clicking element '//input[@name='token_name' and @aria-label='Token name']'.</msg>
<status status="PASS" starttime="20220924 17:41:32.288" endtime="20220924 17:41:32.330"/>
</kw>
<kw name="Press Keys" library="SeleniumLibrary">
<arg>None</arg>
<arg>CTRL+A</arg>
<doc>Simulates the user pressing key(s) to an element or on the active browser.</doc>
<msg timestamp="20220924 17:41:32.331" level="INFO">Sending key(s) ('CTRL+A',) to page.</msg>
<msg timestamp="20220924 17:41:32.331" level="INFO">Pressing special key CONTROL down.</msg>
<msg timestamp="20220924 17:41:32.331" level="INFO">Sending key A</msg>
<msg timestamp="20220924 17:41:32.331" level="INFO">Releasing special key CONTROL.</msg>
<status status="PASS" starttime="20220924 17:41:32.330" endtime="20220924 17:41:32.353"/>
</kw>
<kw name="Press Keys" library="SeleniumLibrary">
<arg>None</arg>
<arg>BACKSPACE</arg>
<doc>Simulates the user pressing key(s) to an element or on the active browser.</doc>
<msg timestamp="20220924 17:41:32.354" level="INFO">Sending key(s) ('BACKSPACE',) to page.</msg>
<msg timestamp="20220924 17:41:32.354" level="INFO">Pressing special key BACKSPACE to browser.</msg>
<msg timestamp="20220924 17:41:32.354" level="INFO">Releasing special key BACKSPACE.</msg>
<status status="PASS" starttime="20220924 17:41:32.353" endtime="20220924 17:41:32.366"/>
</kw>
<kw name="Press Keys" library="SeleniumLibrary">
<arg>None</arg>
<arg>a</arg>
<doc>Simulates the user pressing key(s) to an element or on the active browser.</doc>
<msg timestamp="20220924 17:41:32.368" level="INFO">Sending key(s) ('a',) to page.</msg>
<msg timestamp="20220924 17:41:32.368" level="INFO">Sending key a</msg>
<status status="PASS" starttime="20220924 17:41:32.367" endtime="20220924 17:41:32.385"/>
</kw>
<kw name="Wait Until Element Is Visible" library="SeleniumLibrary">
<arg>//button[@class='dc-btn dc-btn__effect dc-btn--primary dc-btn__large dc-btn__button-group da-api-token__button' and @type='submit' and @disabled]</arg>
<arg>10</arg>
<doc>Waits until the element ``locator`` is visible.</doc>
<status status="PASS" starttime="20220924 17:41:32.385" endtime="20220924 17:41:32.403"/>
</kw>
<kw name="Page Should Contain Element" library="SeleniumLibrary">
<arg>//button[@class='dc-btn dc-btn__effect dc-btn--primary dc-btn__large dc-btn__button-group da-api-token__button' and @type='submit' and @disabled]</arg>
<doc>Verifies that element ``locator`` is found on the current page.</doc>
<msg timestamp="20220924 17:41:32.417" level="INFO">Current page contains element '//button[@class='dc-btn dc-btn__effect dc-btn--primary dc-btn__large dc-btn__button-group da-api-token__button' and @type='submit' and @disabled]'.</msg>
<status status="PASS" starttime="20220924 17:41:32.403" endtime="20220924 17:41:32.417"/>
</kw>
<kw name="Wait Until Element Is Visible" library="SeleniumLibrary">
<arg>//div[@class='dc-field dc-field--error' and contains(.,'Length of token name must be between 2 and 32 characters.')]</arg>
<arg>10</arg>
<doc>Waits until the element ``locator`` is visible.</doc>
<status status="PASS" starttime="20220924 17:41:32.417" endtime="20220924 17:41:32.440"/>
</kw>
<kw name="Page Should Contain Element" library="SeleniumLibrary">
<arg>//div[@class='dc-field dc-field--error' and contains(.,'Length of token name must be between 2 and 32 characters.')]</arg>
<doc>Verifies that element ``locator`` is found on the current page.</doc>
<msg timestamp="20220924 17:41:32.451" level="INFO">Current page contains element '//div[@class='dc-field dc-field--error' and contains(.,'Length of token name must be between 2 and 32 characters.')]'.</msg>
<status status="PASS" starttime="20220924 17:41:32.440" endtime="20220924 17:41:32.451"/>
</kw>
<status status="PASS" starttime="20220924 17:41:32.287" endtime="20220924 17:41:32.452"/>
</test>
<test id="s1-t11" name="TC02.3: Input in 33 Latin characters in “Token name” input field, and expect that user not allowed to create token + error message shown" line="76">
<kw name="Click Element" library="SeleniumLibrary">
<arg>//input[@name='token_name' and @aria-label='Token name']</arg>
<doc>Click the element identified by ``locator``.</doc>
<msg timestamp="20220924 17:41:32.454" level="INFO">Clicking element '//input[@name='token_name' and @aria-label='Token name']'.</msg>
<status status="PASS" starttime="20220924 17:41:32.454" endtime="20220924 17:41:32.492"/>
</kw>
<kw name="Press Keys" library="SeleniumLibrary">
<arg>None</arg>
<arg>CTRL+A</arg>
<doc>Simulates the user pressing key(s) to an element or on the active browser.</doc>
<msg timestamp="20220924 17:41:32.493" level="INFO">Sending key(s) ('CTRL+A',) to page.</msg>
<msg timestamp="20220924 17:41:32.493" level="INFO">Pressing special key CONTROL down.</msg>
<msg timestamp="20220924 17:41:32.493" level="INFO">Sending key A</msg>
<msg timestamp="20220924 17:41:32.493" level="INFO">Releasing special key CONTROL.</msg>
<status status="PASS" starttime="20220924 17:41:32.492" endtime="20220924 17:41:32.510"/>
</kw>
<kw name="Press Keys" library="SeleniumLibrary">
<arg>None</arg>
<arg>BACKSPACE</arg>
<doc>Simulates the user pressing key(s) to an element or on the active browser.</doc>
<msg timestamp="20220924 17:41:32.512" level="INFO">Sending key(s) ('BACKSPACE',) to page.</msg>
<msg timestamp="20220924 17:41:32.512" level="INFO">Pressing special key BACKSPACE to browser.</msg>
<msg timestamp="20220924 17:41:32.512" level="INFO">Releasing special key BACKSPACE.</msg>
<status status="PASS" starttime="20220924 17:41:32.511" endtime="20220924 17:41:32.532"/>
</kw>
<kw name="Press Keys" library="SeleniumLibrary">
<arg>None</arg>
<arg>aaaaaaaaaaaaaaaaaaaaaaaaaaaaaaaaa</arg>
<doc>Simulates the user pressing key(s) to an element or on the active browser.</doc>
<msg timestamp="20220924 17:41:32.534" level="INFO">Sending key(s) ('aaaaaaaaaaaaaaaaaaaaaaaaaaaaaaaaa',) to page.</msg>
<msg timestamp="20220924 17:41:32.534" level="INFO">Sending keys aaaaaaaaaaaaaaaaaaaaaaaaaaaaaaaaa</msg>
<status status="PASS" starttime="20220924 17:41:32.533" endtime="20220924 17:41:32.919"/>
</kw>
<kw name="Wait Until Element Is Visible" library="SeleniumLibrary">
<arg>//button[@class='dc-btn dc-btn__effect dc-btn--primary dc-btn__large dc-btn__button-group da-api-token__button' and @type='submit' and @disabled]</arg>
<arg>10</arg>
<doc>Waits until the element ``locator`` is visible.</doc>
<status status="PASS" starttime="20220924 17:41:32.919" endtime="20220924 17:41:32.933"/>
</kw>
<kw name="Page Should Contain Element" library="SeleniumLibrary">
<arg>//button[@class='dc-btn dc-btn__effect dc-btn--primary dc-btn__large dc-btn__button-group da-api-token__button' and @type='submit' and @disabled]</arg>
<doc>Verifies that element ``locator`` is found on the current page.</doc>
<msg timestamp="20220924 17:41:32.944" level="INFO">Current page contains element '//button[@class='dc-btn dc-btn__effect dc-btn--primary dc-btn__large dc-btn__button-group da-api-token__button' and @type='submit' and @disabled]'.</msg>
<status status="PASS" starttime="20220924 17:41:32.934" endtime="20220924 17:41:32.944"/>
</kw>
<kw name="Wait Until Element Is Visible" library="SeleniumLibrary">
<arg>//div[@class='dc-field dc-field--error' and contains(.,'Maximum 32 characters.')]</arg>
<arg>10</arg>
<doc>Waits until the element ``locator`` is visible.</doc>
<status status="PASS" starttime="20220924 17:41:32.944" endtime="20220924 17:41:32.972"/>
</kw>
<kw name="Page Should Contain Element" library="SeleniumLibrary">
<arg>//div[@class='dc-field dc-field--error' and contains(.,'Maximum 32 characters.')]</arg>
<doc>Verifies that element ``locator`` is found on the current page.</doc>
<msg timestamp="20220924 17:41:32.982" level="INFO">Current page contains element '//div[@class='dc-field dc-field--error' and contains(.,'Maximum 32 characters.')]'.</msg>
<status status="PASS" starttime="20220924 17:41:32.972" endtime="20220924 17:41:32.983"/>
</kw>
<status status="PASS" starttime="20220924 17:41:32.453" endtime="20220924 17:41:32.984"/>
</test>
<test id="s1-t12" name="TC02.4: Input in between 2 to 32 Latin characters in “Token name” input field, and expect that is allowed to create token" line="86">
<kw name="Click Element" library="SeleniumLibrary">
<arg>//input[@name='token_name' and @aria-label='Token name']</arg>
<doc>Click the element identified by ``locator``.</doc>
<msg timestamp="20220924 17:41:32.987" level="INFO">Clicking element '//input[@name='token_name' and @aria-label='Token name']'.</msg>
<status status="PASS" starttime="20220924 17:41:32.986" endtime="20220924 17:41:33.034"/>
</kw>
<kw name="Press Keys" library="SeleniumLibrary">
<arg>None</arg>
<arg>CTRL+A</arg>
<doc>Simulates the user pressing key(s) to an element or on the active browser.</doc>
<msg timestamp="20220924 17:41:33.036" level="INFO">Sending key(s) ('CTRL+A',) to page.</msg>
<msg timestamp="20220924 17:41:33.036" level="INFO">Pressing special key CONTROL down.</msg>
<msg timestamp="20220924 17:41:33.036" level="INFO">Sending key A</msg>
<msg timestamp="20220924 17:41:33.036" level="INFO">Releasing special key CONTROL.</msg>
<status status="PASS" starttime="20220924 17:41:33.035" endtime="20220924 17:41:33.047"/>
</kw>
<kw name="Press Keys" library="SeleniumLibrary">
<arg>None</arg>
<arg>BACKSPACE</arg>
<doc>Simulates the user pressing key(s) to an element or on the active browser.</doc>
<msg timestamp="20220924 17:41:33.048" level="INFO">Sending key(s) ('BACKSPACE',) to page.</msg>
<msg timestamp="20220924 17:41:33.048" level="INFO">Pressing special key BACKSPACE to browser.</msg>
<msg timestamp="20220924 17:41:33.048" level="INFO">Releasing special key BACKSPACE.</msg>
<status status="PASS" starttime="20220924 17:41:33.047" endtime="20220924 17:41:33.063"/>
</kw>
<kw name="Press Keys" library="SeleniumLibrary">
<arg>None</arg>
<arg>abcdefgh</arg>
<doc>Simulates the user pressing key(s) to an element or on the active browser.</doc>
<msg timestamp="20220924 17:41:33.064" level="INFO">Sending key(s) ('abcdefgh',) to page.</msg>
<msg timestamp="20220924 17:41:33.064" level="INFO">Sending keys abcdefgh</msg>
<status status="PASS" starttime="20220924 17:41:33.063" endtime="20220924 17:41:33.169"/>
</kw>
<kw name="Wait Until Page Does Not Contain Element" library="SeleniumLibrary">
<arg>//button[@class='dc-btn dc-btn__effect dc-btn--primary dc-btn__large dc-btn__button-group da-api-token__button' and @type='submit' and @disabled]</arg>
<arg>10</arg>
<doc>Waits until the element ``locator`` disappears from the current page.</doc>
<status status="PASS" starttime="20220924 17:41:33.169" endtime="20220924 17:41:33.176"/>
</kw>
<kw name="Page Should Not Contain Element" library="SeleniumLibrary">
<arg>//button[@class='dc-btn dc-btn__effect dc-btn--primary dc-btn__large dc-btn__button-group da-api-token__button' and @type='submit' and @disabled]</arg>
<doc>Verifies that element ``locator`` is not found on the current page.</doc>
<msg timestamp="20220924 17:41:33.184" level="INFO">Current page does not contain element '//button[@class='dc-btn dc-btn__effect dc-btn--primary dc-btn__large dc-btn__button-group da-api-token__button' and @type='submit' and @disabled]'.</msg>
<status status="PASS" starttime="20220924 17:41:33.176" endtime="20220924 17:41:33.184"/>
</kw>
<kw name="Wait Until Page Does Not Contain Element" library="SeleniumLibrary">
<arg>//div[@class='dc-field dc-field--error']</arg>
<arg>10</arg>
<doc>Waits until the element ``locator`` disappears from the current page.</doc>
<status status="PASS" starttime="20220924 17:41:33.184" endtime="20220924 17:41:33.194"/>
</kw>
<kw name="Page Should Not Contain Element" library="SeleniumLibrary">
<arg>//div[@class='dc-field dc-field--error']</arg>
<doc>Verifies that element ``locator`` is not found on the current page.</doc>
<msg timestamp="20220924 17:41:33.201" level="INFO">Current page does not contain element '//div[@class='dc-field dc-field--error']'.</msg>
<status status="PASS" starttime="20220924 17:41:33.194" endtime="20220924 17:41:33.201"/>
</kw>
<status status="PASS" starttime="20220924 17:41:32.985" endtime="20220924 17:41:33.201"/>
</test>
<test id="s1-t13" name="TC02.5a: When valid token name is inputted, “Create” button should be clickable" line="96">
<kw name="Click Element" library="SeleniumLibrary">
<arg>//button[@class='dc-btn dc-btn__effect dc-btn--primary dc-btn__large dc-btn__button-group da-api-token__button' and @type='submit']</arg>
<doc>Click the element identified by ``locator``.</doc>
<msg timestamp="20220924 17:41:33.202" level="INFO">Clicking element '//button[@class='dc-btn dc-btn__effect dc-btn--primary dc-btn__large dc-btn__button-group da-api-token__button' and @type='submit']'.</msg>
<status status="PASS" starttime="20220924 17:41:33.202" endtime="20220924 17:41:33.291"/>
</kw>
<status status="PASS" starttime="20220924 17:41:33.201" endtime="20220924 17:41:33.291"/>
</test>
<test id="s1-t14" name="TC02.5b: Upon clicking “Create” button, previous inputs are cleared" line="99">
<kw name="Wait Until Page Does Not Contain Element" library="SeleniumLibrary">
<arg>//input[@name='token_name' and @aria-label='Token name' and @value='abcdefgh']</arg>
<arg>10</arg>
<doc>Waits until the element ``locator`` disappears from the current page.</doc>
<status status="PASS" starttime="20220924 17:41:33.293" endtime="20220924 17:41:33.715"/>
</kw>
<kw name="Page Should Not Contain Element" library="SeleniumLibrary">
<arg>//input[@name='token_name' and @aria-label='Token name' and @value='abcdefgh']</arg>
<doc>Verifies that element ``locator`` is not found on the current page.</doc>
<msg timestamp="20220924 17:41:33.722" level="INFO">Current page does not contain element '//input[@name='token_name' and @aria-label='Token name' and @value='abcdefgh']'.</msg>
<status status="PASS" starttime="20220924 17:41:33.716" endtime="20220924 17:41:33.722"/>
</kw>
<kw name="Page Should Not Contain Element" library="SeleniumLibrary">
<arg>//input[@class='dc-checkbox__input' and @name='read' and @value='true']</arg>
<doc>Verifies that element ``locator`` is not found on the current page.</doc>
<msg timestamp="20220924 17:41:33.734" level="INFO">Current page does not contain element '//input[@class='dc-checkbox__input' and @name='read' and @value='true']'.</msg>
<status status="PASS" starttime="20220924 17:41:33.722" endtime="20220924 17:41:33.734"/>
</kw>
<kw name="Page Should Not Contain Element" library="SeleniumLibrary">
<arg>//input[@class='dc-checkbox__input' and @name='payments' and @value='true']</arg>
<doc>Verifies that element ``locator`` is not found on the current page.</doc>
<msg timestamp="20220924 17:41:33.747" level="INFO">Current page does not contain element '//input[@class='dc-checkbox__input' and @name='payments' and @value='true']'.</msg>
<status status="PASS" starttime="20220924 17:41:33.734" endtime="20220924 17:41:33.748"/>
</kw>
<kw name="Page Should Not Contain Element" library="SeleniumLibrary">
<arg>//input[@class='dc-checkbox__input' and @name='admin' and @value='true']</arg>
<doc>Verifies that element ``locator`` is not found on the current page.</doc>
<msg timestamp="20220924 17:41:33.764" level="INFO">Current page does not contain element '//input[@class='dc-checkbox__input' and @name='admin' and @value='true']'.</msg>
<status status="PASS" starttime="20220924 17:41:33.748" endtime="20220924 17:41:33.765"/>
</kw>
<kw name="Page Should Not Contain Element" library="SeleniumLibrary">
<arg>//input[@class='dc-checkbox__input' and @name='trade' and @value='true']</arg>
<doc>Verifies that element ``locator`` is not found on the current page.</doc>
<msg timestamp="20220924 17:41:33.785" level="INFO">Current page does not contain element '//input[@class='dc-checkbox__input' and @name='trade' and @value='true']'.</msg>
<status status="PASS" starttime="20220924 17:41:33.765" endtime="20220924 17:41:33.785"/>
</kw>
<kw name="Page Should Not Contain Element" library="SeleniumLibrary">
<arg>//input[@class='dc-checkbox__input' and @name='trading_information' and @value='true']</arg>
<doc>Verifies that element ``locator`` is not found on the current page.</doc>
<msg timestamp="20220924 17:41:33.791" level="INFO">Current page does not contain element '//input[@class='dc-checkbox__input' and @name='trading_information' and @value='true']'.</msg>
<status status="PASS" starttime="20220924 17:41:33.785" endtime="20220924 17:41:33.791"/>
</kw>
<status status="PASS" starttime="20220924 17:41:33.292" endtime="20220924 17:41:33.791"/>
</test>
<test id="s1-t15" name="TC02.5c: Upon clicking “Create” button, “Create” button is no longer clickable" line="108">
<kw name="Wait Until Page Does Not Contain Element" library="SeleniumLibrary">
<arg>//button[@class='dc-btn dc-btn__effect dc-btn--primary dc-btn__large dc-btn__button-group da-api-token__button' and @type='submit' and @disabled]</arg>
<arg>10</arg>
<doc>Waits until the element ``locator`` disappears from the current page.</doc>
<status status="PASS" starttime="20220924 17:41:33.793" endtime="20220924 17:41:33.811"/>
</kw>
<kw name="Page Should Not Contain Element" library="SeleniumLibrary">
<arg>//button[@class='dc-btn dc-btn__effect dc-btn--primary dc-btn__large dc-btn__button-group da-api-token__button' and @type='submit' and @disabled]</arg>
<doc>Verifies that element ``locator`` is not found on the current page.</doc>
<msg timestamp="20220924 17:41:33.821" level="INFO">Current page does not contain element '//button[@class='dc-btn dc-btn__effect dc-btn--primary dc-btn__large dc-btn__button-group da-api-token__button' and @type='submit' and @disabled]'.</msg>
<status status="PASS" starttime="20220924 17:41:33.812" endtime="20220924 17:41:33.821"/>
</kw>
<status status="PASS" starttime="20220924 17:41:33.792" endtime="20220924 17:41:33.821"/>
</test>
<test id="s1-t16" name="TC02.6: The generated token is shown on screen, under “Copy and paste the token into the app.” section, details of created token should exist" line="112">
<kw name="Wait Until Element Is Visible" library="SeleniumLibrary">
<arg>//td[@class='da-api-token__table-cell da-api-token__table-cell--name']</arg>
<arg>10</arg>
<doc>Waits until the element ``locator`` is visible.</doc>
<status status="PASS" starttime="20220924 17:41:33.825" endtime="20220924 17:41:33.868"/>
</kw>
<kw name="Page Should Contain Element" library="SeleniumLibrary">
<arg>//td[@class='da-api-token__table-cell da-api-token__table-cell--name']</arg>
<doc>Verifies that element ``locator`` is found on the current page.</doc>
<msg timestamp="20220924 17:41:33.906" level="INFO">Current page contains element '//td[@class='da-api-token__table-cell da-api-token__table-cell--name']'.</msg>
<status status="PASS" starttime="20220924 17:41:33.868" endtime="20220924 17:41:33.906"/>
</kw>
<status status="PASS" starttime="20220924 17:41:33.823" endtime="20220924 17:41:33.907"/>
</test>
<test id="s1-t17" name="TC03.1a: The generated token can be copied by user upon clicking of “Copy” icon" line="120">
<kw name="Wait Until Page Contains Element" library="SeleniumLibrary">
<arg>//*[contains(@data-testid, "dt_copy_token_icon")]</arg>
<arg>10</arg>
<doc>Waits until the element ``locator`` appears on the current page.</doc>
<status status="PASS" starttime="20220924 17:41:33.917" endtime="20220924 17:41:33.935"/>
</kw>
<kw name="Click Element" library="SeleniumLibrary">
<arg>//*[contains(@data-testid, "dt_copy_token_icon")]</arg>
<doc>Click the element identified by ``locator``.</doc>
<msg timestamp="20220924 17:41:33.936" level="INFO">Clicking element '//*[contains(@data-testid, "dt_copy_token_icon")]'.</msg>
<status status="PASS" starttime="20220924 17:41:33.936" endtime="20220924 17:41:33.990"/>
</kw>
<kw name="Wait Until Element Is Visible" library="SeleniumLibrary">
<arg>//div[@class='dc-modal-body']</arg>
<arg>10</arg>
<doc>Waits until the element ``locator`` is visible.</doc>
<status status="PASS" starttime="20220924 17:41:33.990" endtime="20220924 17:41:34.464"/>
</kw>
<kw name="Page Should Contain Element" library="SeleniumLibrary">
<arg>//div[@class='dc-modal-body']</arg>
<doc>Verifies that element ``locator`` is found on the current page.</doc>
<msg timestamp="20220924 17:41:34.473" level="INFO">Current page contains element '//div[@class='dc-modal-body']'.</msg>
<status status="PASS" starttime="20220924 17:41:34.464" endtime="20220924 17:41:34.473"/>
</kw>
<kw name="Wait Until Element Is Visible" library="SeleniumLibrary">
<arg>//button[@class='dc-btn dc-btn__effect dc-btn--primary dc-btn__large dc-dialog__button']</arg>
<arg>10</arg>
<doc>Waits until the element ``locator`` is visible.</doc>
<status status="PASS" starttime="20220924 17:41:34.473" endtime="20220924 17:41:34.493"/>
</kw>
<kw name="Click Element" library="SeleniumLibrary">
<arg>//button[@class='dc-btn dc-btn__effect dc-btn--primary dc-btn__large dc-dialog__button']</arg>
<doc>Click the element identified by ``locator``.</doc>
<msg timestamp="20220924 17:41:34.493" level="INFO">Clicking element '//button[@class='dc-btn dc-btn__effect dc-btn--primary dc-btn__large dc-dialog__button']'.</msg>
<status status="PASS" starttime="20220924 17:41:34.493" endtime="20220924 17:41:34.540"/>
</kw>
<status status="PASS" starttime="20220924 17:41:33.916" endtime="20220924 17:41:34.540"/>
</test>
<test id="s1-t18" name="TC03.2a: The Latin characters details of API key can be visibly seen upon click of “Eye” icon" line="131">
<kw name="Page Should Contain Element" library="SeleniumLibrary">
<arg>//div[@class='da-api-token__pass-dot']</arg>
<doc>Verifies that element ``locator`` is found on the current page.</doc>
<msg timestamp="20220924 17:41:34.551" level="INFO">Current page contains element '//div[@class='da-api-token__pass-dot']'.</msg>
<status status="PASS" starttime="20220924 17:41:34.541" endtime="20220924 17:41:34.551"/>
</kw>
<kw name="Wait Until Page Contains Element" library="SeleniumLibrary">
<arg>//*[contains(@data-testid, "dt_toggle_visibility_icon")]</arg>
<arg>10</arg>
<doc>Waits until the element ``locator`` appears on the current page.</doc>
<status status="PASS" starttime="20220924 17:41:34.552" endtime="20220924 17:41:34.561"/>
</kw>
<kw name="Click Element" library="SeleniumLibrary">
<arg>//*[contains(@data-testid, "dt_toggle_visibility_icon")]</arg>
<doc>Click the element identified by ``locator``.</doc>
<msg timestamp="20220924 17:41:34.562" level="INFO">Clicking element '//*[contains(@data-testid, "dt_toggle_visibility_icon")]'.</msg>
<status status="PASS" starttime="20220924 17:41:34.561" endtime="20220924 17:41:34.815"/>
</kw>
<kw name="Wait Until Page Does Not Contain Element" library="SeleniumLibrary">
<arg>//div[@class='da-api-token__pass-dot']</arg>
<arg>10</arg>
<doc>Waits until the element ``locator`` disappears from the current page.</doc>
<status status="PASS" starttime="20220924 17:41:34.815" endtime="20220924 17:41:34.827"/>
</kw>
<kw name="Page Should Not Contain Element" library="SeleniumLibrary">
<arg>//div[@class='da-api-token__pass-dot']</arg>
<doc>Verifies that element ``locator`` is not found on the current page.</doc>
<msg timestamp="20220924 17:41:34.843" level="INFO">Current page does not contain element '//div[@class='da-api-token__pass-dot']'.</msg>
<status status="PASS" starttime="20220924 17:41:34.828" endtime="20220924 17:41:34.843"/>
</kw>
<status status="PASS" starttime="20220924 17:41:34.540" endtime="20220924 17:41:34.843"/>
</test>
<test id="s1-t19" name="TC03.2b: Upon second click of “Eye” icon, Latin character details of API Key is no longer visible" line="141">
<kw name="Wait Until Page Contains Element" library="SeleniumLibrary">
<arg>//*[contains(@data-testid, "dt_toggle_visibility_icon")]</arg>
<arg>10</arg>
<doc>Waits until the element ``locator`` appears on the current page.</doc>
<status status="PASS" starttime="20220924 17:41:34.845" endtime="20220924 17:41:34.852"/>
</kw>
<kw name="Click Element" library="SeleniumLibrary">
<arg>//*[contains(@data-testid, "dt_toggle_visibility_icon")]</arg>
<doc>Click the element identified by ``locator``.</doc>
<msg timestamp="20220924 17:41:34.852" level="INFO">Clicking element '//*[contains(@data-testid, "dt_toggle_visibility_icon")]'.</msg>
<status status="PASS" starttime="20220924 17:41:34.852" endtime="20220924 17:41:34.885"/>
</kw>
<kw name="Wait Until Page Contains Element" library="SeleniumLibrary">
<arg>//div[@class='da-api-token__pass-dot']</arg>
<arg>10</arg>
<doc>Waits until the element ``locator`` appears on the current page.</doc>
<status status="PASS" starttime="20220924 17:41:34.885" endtime="20220924 17:41:34.891"/>
</kw>
<kw name="Page Should Contain Element" library="SeleniumLibrary">
<arg>//div[@class='da-api-token__pass-dot']</arg>
<doc>Verifies that element ``locator`` is found on the current page.</doc>
<msg timestamp="20220924 17:41:34.900" level="INFO">Current page contains element '//div[@class='da-api-token__pass-dot']'.</msg>
<status status="PASS" starttime="20220924 17:41:34.891" endtime="20220924 17:41:34.900"/>
</kw>
<status status="PASS" starttime="20220924 17:41:34.844" endtime="20220924 17:41:34.900"/>
</test>
<test id="s1-t20" name="TC03.3a: Upon click of “Trash” icon, a confirmation message will be sent to user to confirm delete API key" line="149">
<kw name="Wait Until Element Is Visible" library="SeleniumLibrary">
<arg>//*[@class="dc-icon dc-clipboard da-api-token__delete-icon"]</arg>
<arg>10</arg>
<doc>Waits until the element ``locator`` is visible.</doc>
<status status="PASS" starttime="20220924 17:41:34.902" endtime="20220924 17:41:34.920"/>
</kw>
<kw name="Click Element" library="SeleniumLibrary">
<arg>//*[@class="dc-icon dc-clipboard da-api-token__delete-icon"]</arg>
<doc>Click the element identified by ``locator``.</doc>
<msg timestamp="20220924 17:41:34.920" level="INFO">Clicking element '//*[@class="dc-icon dc-clipboard da-api-token__delete-icon"]'.</msg>
<status status="PASS" starttime="20220924 17:41:34.920" endtime="20220924 17:41:34.972"/>
</kw>
<kw name="Wait Until Element Is Visible" library="SeleniumLibrary">
<arg>//div[@class='dc-modal-body']</arg>
<arg>10</arg>
<doc>Waits until the element ``locator`` is visible.</doc>
<status status="PASS" starttime="20220924 17:41:34.973" endtime="20220924 17:41:35.446"/>
</kw>
<kw name="Page Should Contain Element" library="SeleniumLibrary">
<arg>//div[@class='dc-modal-body']</arg>
<doc>Verifies that element ``locator`` is found on the current page.</doc>
<msg timestamp="20220924 17:41:35.454" level="INFO">Current page contains element '//div[@class='dc-modal-body']'.</msg>
<status status="PASS" starttime="20220924 17:41:35.446" endtime="20220924 17:41:35.454"/>
</kw>
<status status="PASS" starttime="20220924 17:41:34.901" endtime="20220924 17:41:35.455"/>
</test>
<test id="s1-t21" name="TC03.3b: If user clicks on “Cancel”, the token is not deleted" line="157">
<kw name="Wait Until Element Is Visible" library="SeleniumLibrary">
<arg>//button[@class='dc-btn dc-btn__effect dc-btn--secondary dc-btn__large dc-dialog__button']</arg>
<arg>10</arg>
<doc>Waits until the element ``locator`` is visible.</doc>
<status status="PASS" starttime="20220924 17:41:35.456" endtime="20220924 17:41:35.476"/>
</kw>
<kw name="Click Element" library="SeleniumLibrary">
<arg>//button[@class='dc-btn dc-btn__effect dc-btn--secondary dc-btn__large dc-dialog__button']</arg>
<doc>Click the element identified by ``locator``.</doc>
<msg timestamp="20220924 17:41:35.477" level="INFO">Clicking element '//button[@class='dc-btn dc-btn__effect dc-btn--secondary dc-btn__large dc-dialog__button']'.</msg>
<status status="PASS" starttime="20220924 17:41:35.477" endtime="20220924 17:41:35.521"/>
</kw>
<kw name="Wait Until Element Is Visible" library="SeleniumLibrary">
<arg>//td[@class='da-api-token__table-cell da-api-token__table-cell--name']</arg>
<arg>10</arg>
<doc>Waits until the element ``locator`` is visible.</doc>
<status status="PASS" starttime="20220924 17:41:35.521" endtime="20220924 17:41:35.537"/>
</kw>
<kw name="Page Should Contain Element" library="SeleniumLibrary">
<arg>//td[@class='da-api-token__table-cell da-api-token__table-cell--name']</arg>
<doc>Verifies that element ``locator`` is found on the current page.</doc>
<msg timestamp="20220924 17:41:35.542" level="INFO">Current page contains element '//td[@class='da-api-token__table-cell da-api-token__table-cell--name']'.</msg>
<status status="PASS" starttime="20220924 17:41:35.537" endtime="20220924 17:41:35.542"/>
</kw>
<status status="PASS" starttime="20220924 17:41:35.456" endtime="20220924 17:41:35.542"/>
</test>
<test id="s1-t22" name="TC03.3c: If user clicks on “Yes, please”, token is deleted" line="165">
<kw name="Wait Until Element Is Visible" library="SeleniumLibrary">
<arg>//*[@class="dc-icon dc-clipboard da-api-token__delete-icon"]</arg>
<arg>10</arg>
<doc>Waits until the element ``locator`` is visible.</doc>
<status status="PASS" starttime="20220924 17:41:35.543" endtime="20220924 17:41:35.555"/>
</kw>
<kw name="Click Element" library="SeleniumLibrary">
<arg>//*[@class="dc-icon dc-clipboard da-api-token__delete-icon"]</arg>
<doc>Click the element identified by ``locator``.</doc>
<msg timestamp="20220924 17:41:35.556" level="INFO">Clicking element '//*[@class="dc-icon dc-clipboard da-api-token__delete-icon"]'.</msg>
<status status="PASS" starttime="20220924 17:41:35.555" endtime="20220924 17:41:35.844"/>
</kw>
<kw name="Wait Until Element Is Visible" library="SeleniumLibrary">
<arg>//div[@class='dc-modal-body']</arg>
<arg>10</arg>
<doc>Waits until the element ``locator`` is visible.</doc>
<status status="PASS" starttime="20220924 17:41:35.844" endtime="20220924 17:41:36.110"/>
</kw>
<kw name="Page Should Contain Element" library="SeleniumLibrary">
<arg>//div[@class='dc-modal-body']</arg>
<doc>Verifies that element ``locator`` is found on the current page.</doc>
<msg timestamp="20220924 17:41:36.126" level="INFO">Current page contains element '//div[@class='dc-modal-body']'.</msg>
<status status="PASS" starttime="20220924 17:41:36.111" endtime="20220924 17:41:36.126"/>
</kw>
<kw name="Wait Until Element Is Visible" library="SeleniumLibrary">
<arg>//button[@class='dc-btn dc-btn__effect dc-btn--primary dc-btn__large dc-dialog__button']</arg>
<arg>10</arg>
<doc>Waits until the element ``locator`` is visible.</doc>
<status status="PASS" starttime="20220924 17:41:36.127" endtime="20220924 17:41:36.181"/>
</kw>
<kw name="Click Element" library="SeleniumLibrary">
<arg>//button[@class='dc-btn dc-btn__effect dc-btn--primary dc-btn__large dc-dialog__button']</arg>
<doc>Click the element identified by ``locator``.</doc>
<msg timestamp="20220924 17:41:36.182" level="INFO">Clicking element '//button[@class='dc-btn dc-btn__effect dc-btn--primary dc-btn__large dc-dialog__button']'.</msg>
<status status="PASS" starttime="20220924 17:41:36.182" endtime="20220924 17:41:36.223"/>
</kw>
<kw name="Wait Until Element Is Not Visible" library="SeleniumLibrary">
<arg>//td[@class='da-api-token__table-cell da-api-token__table-cell--name']</arg>
<arg>10</arg>
<doc>Waits until the element ``locator`` is not visible.</doc>
<status status="PASS" starttime="20220924 17:41:36.224" endtime="20220924 17:41:36.672"/>
</kw>
<kw name="Page Should Not Contain Element" library="SeleniumLibrary">
<arg>//td[@class='da-api-token__table-cell da-api-token__table-cell--name']</arg>
<doc>Verifies that element ``locator`` is not found on the current page.</doc>
<msg timestamp="20220924 17:41:36.681" level="INFO">Current page does not contain element '//td[@class='da-api-token__table-cell da-api-token__table-cell--name']'.</msg>
<status status="PASS" starttime="20220924 17:41:36.672" endtime="20220924 17:41:36.681"/>
</kw>
<status status="PASS" starttime="20220924 17:41:35.542" endtime="20220924 17:41:36.682"/>
</test>
<status status="PASS" starttime="20220924 17:41:21.416" endtime="20220924 17:41:36.684"/>
</suite>
<statistics>
<total>
<stat pass="22" fail="0" skip="0">All Tests</stat>
</total>
<tag>
</tag>
<suite>
<stat pass="22" fail="0" skip="0" id="s1" name="Api">Api</stat>
</suite>
</statistics>
<errors>
</errors>
</robot>
